1593241510391|0|statement|connection 0|url jdbc:p6spy:mysql://localhost:3306/blog?useUnicode=true&characterEncoding=utf-8&useSSL=false&serverTimezone=UTC|SELECT  id,name  FROM t_type|SELECT  id,name  FROM t_type
1593242599703|0|statement|connection 0|url jdbc:p6spy:mysql://localhost:3306/blog?useUnicode=true&characterEncoding=utf-8&useSSL=false&serverTimezone=UTC|SELECT  id,name  FROM t_type|SELECT  id,name  FROM t_type
1593243331224|0|statement|connection 0|url jdbc:p6spy:mysql://localhost:3306/blog?useUnicode=true&characterEncoding=utf-8&useSSL=false&serverTimezone=UTC|SELECT  id,name  FROM t_type|SELECT  id,name  FROM t_type
1593244300528|0|statement|connection 0|url jdbc:p6spy:mysql://localhost:3306/blog?useUnicode=true&characterEncoding=utf-8&useSSL=false&serverTimezone=UTC|SELECT  id,name  FROM t_type|SELECT  id,name  FROM t_type
1593244300528|0|statement|connection 1|url jdbc:p6spy:mysql://localhost:3306/blog?useUnicode=true&characterEncoding=utf-8&useSSL=false&serverTimezone=UTC|SELECT  id,name  FROM t_type|SELECT  id,name  FROM t_type
1593244304004|0|statement|connection 0|url jdbc:p6spy:mysql://localhost:3306/blog?useUnicode=true&characterEncoding=utf-8&useSSL=false&serverTimezone=UTC|SELECT  id,name  FROM t_type|SELECT  id,name  FROM t_type
1593244304006|0|statement|connection 1|url jdbc:p6spy:mysql://localhost:3306/blog?useUnicode=true&characterEncoding=utf-8&useSSL=false&serverTimezone=UTC|SELECT  id,name  FROM t_type|SELECT  id,name  FROM t_type
1593244320902|0|statement|connection 0|url jdbc:p6spy:mysql://localhost:3306/blog?useUnicode=true&characterEncoding=utf-8&useSSL=false&serverTimezone=UTC|SELECT  id,name  FROM t_type|SELECT  id,name  FROM t_type
1593244320907|0|statement|connection 0|url jdbc:p6spy:mysql://localhost:3306/blog?useUnicode=true&characterEncoding=utf-8&useSSL=false&serverTimezone=UTC|SELECT  id,name  FROM t_type|SELECT  id,name  FROM t_type
1593245738593|0|statement|connection 20|url jdbc:p6spy:mysql://localhost:3306/blog?useUnicode=true&characterEncoding=utf-8&useSSL=false&serverTimezone=UTC|SELECT  id,name  FROM t_type|SELECT  id,name  FROM t_type
1593245738594|0|statement|connection 20|url jdbc:p6spy:mysql://localhost:3306/blog?useUnicode=true&characterEncoding=utf-8&useSSL=false&serverTimezone=UTC|SELECT  id,name  FROM t_type|SELECT  id,name  FROM t_type
1593245740203|0|statement|connection 20|url jdbc:p6spy:mysql://localhost:3306/blog?useUnicode=true&characterEncoding=utf-8&useSSL=false&serverTimezone=UTC|SELECT  id,name  FROM t_type|SELECT  id,name  FROM t_type
1593245741503|0|statement|connection 20|url jdbc:p6spy:mysql://localhost:3306/blog?useUnicode=true&characterEncoding=utf-8&useSSL=false&serverTimezone=UTC|SELECT  id,name  FROM t_type|SELECT  id,name  FROM t_type
1593246446671|0|statement|connection 20|url jdbc:p6spy:mysql://localhost:3306/blog?useUnicode=true&characterEncoding=utf-8&useSSL=false&serverTimezone=UTC|SELECT  id,name  FROM t_type|SELECT  id,name  FROM t_type
1593246446748|2|statement|connection 20|url jdbc:p6spy:mysql://localhost:3306/blog?useUnicode=true&characterEncoding=utf-8&useSSL=false&serverTimezone=UTC|SELECT id,name FROM t_type WHERE id=? |SELECT id,name FROM t_type WHERE id=2 
1593246453796|0|statement|connection 20|url jdbc:p6spy:mysql://localhost:3306/blog?useUnicode=true&characterEncoding=utf-8&useSSL=false&serverTimezone=UTC|SELECT  id,name  FROM t_type|SELECT  id,name  FROM t_type
1593246453833|0|statement|connection 20|url jdbc:p6spy:mysql://localhost:3306/blog?useUnicode=true&characterEncoding=utf-8&useSSL=false&serverTimezone=UTC|SELECT  id,name  FROM t_type|SELECT  id,name  FROM t_type
1593246453862|0|statement|connection 20|url jdbc:p6spy:mysql://localhost:3306/blog?useUnicode=true&characterEncoding=utf-8&useSSL=false&serverTimezone=UTC|SELECT  id,name  FROM t_type|SELECT  id,name  FROM t_type
1593246456136|0|statement|connection 20|url jdbc:p6spy:mysql://localhost:3306/blog?useUnicode=true&characterEncoding=utf-8&useSSL=false&serverTimezone=UTC|SELECT  id,name  FROM t_type|SELECT  id,name  FROM t_type
1593246458256|0|statement|connection 20|url jdbc:p6spy:mysql://localhost:3306/blog?useUnicode=true&characterEncoding=utf-8&useSSL=false&serverTimezone=UTC|SELECT  id,name  FROM t_type|SELECT  id,name  FROM t_type
1593246460402|0|statement|connection 20|url jdbc:p6spy:mysql://localhost:3306/blog?useUnicode=true&characterEncoding=utf-8&useSSL=false&serverTimezone=UTC|SELECT  id,name  FROM t_type|SELECT  id,name  FROM t_type
1593246460432|0|statement|connection 20|url jdbc:p6spy:mysql://localhost:3306/blog?useUnicode=true&characterEncoding=utf-8&useSSL=false&serverTimezone=UTC|SELECT id,name FROM t_type WHERE id=? |SELECT id,name FROM t_type WHERE id=2 
1593246626110|0|statement|connection 20|url jdbc:p6spy:mysql://localhost:3306/blog?useUnicode=true&characterEncoding=utf-8&useSSL=false&serverTimezone=UTC|SELECT  id,name  FROM t_type|SELECT  id,name  FROM t_type
1593246626123|0|statement|connection 20|url jdbc:p6spy:mysql://localhost:3306/blog?useUnicode=true&characterEncoding=utf-8&useSSL=false&serverTimezone=UTC|SELECT id,name FROM t_type WHERE id=? |SELECT id,name FROM t_type WHERE id=2 
1593246638988|0|statement|connection 20|url jdbc:p6spy:mysql://localhost:3306/blog?useUnicode=true&characterEncoding=utf-8&useSSL=false&serverTimezone=UTC|SELECT  id,name  FROM t_type|SELECT  id,name  FROM t_type
1593246639006|0|statement|connection 20|url jdbc:p6spy:mysql://localhost:3306/blog?useUnicode=true&characterEncoding=utf-8&useSSL=false&serverTimezone=UTC|SELECT  id,name  FROM t_type|SELECT  id,name  FROM t_type
1593246639049|0|statement|connection 20|url jdbc:p6spy:mysql://localhost:3306/blog?useUnicode=true&characterEncoding=utf-8&useSSL=false&serverTimezone=UTC|SELECT  id,name  FROM t_type|SELECT  id,name  FROM t_type
1593246642751|0|statement|connection 20|url jdbc:p6spy:mysql://localhost:3306/blog?useUnicode=true&characterEncoding=utf-8&useSSL=false&serverTimezone=UTC|SELECT  id,name  FROM t_type|SELECT  id,name  FROM t_type
1593246643781|0|statement|connection 20|url jdbc:p6spy:mysql://localhost:3306/blog?useUnicode=true&characterEncoding=utf-8&useSSL=false&serverTimezone=UTC|SELECT  id,name  FROM t_type|SELECT  id,name  FROM t_type
1593246646996|0|statement|connection 20|url jdbc:p6spy:mysql://localhost:3306/blog?useUnicode=true&characterEncoding=utf-8&useSSL=false&serverTimezone=UTC|SELECT  id,name  FROM t_type|SELECT  id,name  FROM t_type
1593246649893|0|statement|connection 20|url jdbc:p6spy:mysql://localhost:3306/blog?useUnicode=true&characterEncoding=utf-8&useSSL=false&serverTimezone=UTC|SELECT  id,name  FROM t_type|SELECT  id,name  FROM t_type
1593246655966|0|statement|connection 20|url jdbc:p6spy:mysql://localhost:3306/blog?useUnicode=true&characterEncoding=utf-8&useSSL=false&serverTimezone=UTC|SELECT  id,name  FROM t_type|SELECT  id,name  FROM t_type
1593246670041|0|statement|connection 20|url jdbc:p6spy:mysql://localhost:3306/blog?useUnicode=true&characterEncoding=utf-8&useSSL=false&serverTimezone=UTC|SELECT  id,name  FROM t_type|SELECT  id,name  FROM t_type
1593246673204|0|statement|connection 20|url jdbc:p6spy:mysql://localhost:3306/blog?useUnicode=true&characterEncoding=utf-8&useSSL=false&serverTimezone=UTC|SELECT  id,name  FROM t_type|SELECT  id,name  FROM t_type
1593246676732|0|statement|connection 20|url jdbc:p6spy:mysql://localhost:3306/blog?useUnicode=true&characterEncoding=utf-8&useSSL=false&serverTimezone=UTC|SELECT  id,name  FROM t_type|SELECT  id,name  FROM t_type
1593246680852|0|statement|connection 20|url jdbc:p6spy:mysql://localhost:3306/blog?useUnicode=true&characterEncoding=utf-8&useSSL=false&serverTimezone=UTC|SELECT  id,name  FROM t_type|SELECT  id,name  FROM t_type
1593246684443|0|statement|connection 20|url jdbc:p6spy:mysql://localhost:3306/blog?useUnicode=true&characterEncoding=utf-8&useSSL=false&serverTimezone=UTC|SELECT  id,name  FROM t_type|SELECT  id,name  FROM t_type
1593246685580|0|statement|connection 20|url jdbc:p6spy:mysql://localhost:3306/blog?useUnicode=true&characterEncoding=utf-8&useSSL=false&serverTimezone=UTC|SELECT  id,name  FROM t_type|SELECT  id,name  FROM t_type
1593246695232|0|statement|connection 20|url jdbc:p6spy:mysql://localhost:3306/blog?useUnicode=true&characterEncoding=utf-8&useSSL=false&serverTimezone=UTC|SELECT  id,name  FROM t_type|SELECT  id,name  FROM t_type
1593246777310|0|statement|connection 20|url jdbc:p6spy:mysql://localhost:3306/blog?useUnicode=true&characterEncoding=utf-8&useSSL=false&serverTimezone=UTC|SELECT  id,name  FROM t_type|SELECT  id,name  FROM t_type
1593246777317|0|statement|connection 20|url jdbc:p6spy:mysql://localhost:3306/blog?useUnicode=true&characterEncoding=utf-8&useSSL=false&serverTimezone=UTC|SELECT  id,name  FROM t_type|SELECT  id,name  FROM t_type
1593246777319|0|statement|connection 20|url jdbc:p6spy:mysql://localhost:3306/blog?useUnicode=true&characterEncoding=utf-8&useSSL=false&serverTimezone=UTC|SELECT  id,name  FROM t_type|SELECT  id,name  FROM t_type
1593246778093|0|statement|connection 20|url jdbc:p6spy:mysql://localhost:3306/blog?useUnicode=true&characterEncoding=utf-8&useSSL=false&serverTimezone=UTC|SELECT  id,name  FROM t_type|SELECT  id,name  FROM t_type
1593246778097|0|statement|connection 20|url jdbc:p6spy:mysql://localhost:3306/blog?useUnicode=true&characterEncoding=utf-8&useSSL=false&serverTimezone=UTC|SELECT  id,name  FROM t_type|SELECT  id,name  FROM t_type
1593246829387|0|statement|connection 20|url jdbc:p6spy:mysql://localhost:3306/blog?useUnicode=true&characterEncoding=utf-8&useSSL=false&serverTimezone=UTC|SELECT  id,name  FROM t_type|SELECT  id,name  FROM t_type
1593246829400|11|statement|connection 21|url jdbc:p6spy:mysql://localhost:3306/blog?useUnicode=true&characterEncoding=utf-8&useSSL=false&serverTimezone=UTC|SELECT  id,name  FROM t_type|SELECT  id,name  FROM t_type
1593250176989|0|statement|connection 0|url jdbc:p6spy:mysql://localhost:3306/blog?useUnicode=true&characterEncoding=utf-8&useSSL=false&serverTimezone=UTC|SELECT  id,name  FROM t_type|SELECT  id,name  FROM t_type
1593250176989|0|statement|connection 1|url jdbc:p6spy:mysql://localhost:3306/blog?useUnicode=true&characterEncoding=utf-8&useSSL=false&serverTimezone=UTC|SELECT  id,name  FROM t_type|SELECT  id,name  FROM t_type
1593250179616|0|statement|connection 0|url jdbc:p6spy:mysql://localhost:3306/blog?useUnicode=true&characterEncoding=utf-8&useSSL=false&serverTimezone=UTC|SELECT  id,name  FROM t_type|SELECT  id,name  FROM t_type
1593250179618|0|statement|connection 1|url jdbc:p6spy:mysql://localhost:3306/blog?useUnicode=true&characterEncoding=utf-8&useSSL=false&serverTimezone=UTC|SELECT  id,name  FROM t_type|SELECT  id,name  FROM t_type
1593250197901|1|statement|connection 0|url jdbc:p6spy:mysql://localhost:3306/blog?useUnicode=true&characterEncoding=utf-8&useSSL=false&serverTimezone=UTC|SELECT  id,name  FROM t_type|SELECT  id,name  FROM t_type
1593250197903|0|statement|connection 1|url jdbc:p6spy:mysql://localhost:3306/blog?useUnicode=true&characterEncoding=utf-8&useSSL=false&serverTimezone=UTC|SELECT  id,name  FROM t_type|SELECT  id,name  FROM t_type
1593270524222|0|statement|connection 0|url jdbc:p6spy:mysql://localhost:3306/blog?useUnicode=true&characterEncoding=utf-8&useSSL=false&serverTimezone=UTC|SELECT  id,name  FROM t_type|SELECT  id,name  FROM t_type
1593270676089|3|statement|connection 0|url jdbc:p6spy:mysql://localhost:3306/blog?useUnicode=true&characterEncoding=utf-8&useSSL=false&serverTimezone=UTC|SELECT  id,name  FROM t_type|SELECT  id,name  FROM t_type
1593270995563|0|statement|connection 0|url jdbc:p6spy:mysql://localhost:3306/blog?useUnicode=true&characterEncoding=utf-8&useSSL=false&serverTimezone=UTC|SELECT  id,name  FROM t_type|SELECT  id,name  FROM t_type
1593271033380|0|statement|connection 0|url jdbc:p6spy:mysql://localhost:3306/blog?useUnicode=true&characterEncoding=utf-8&useSSL=false&serverTimezone=UTC|SELECT  id,name  FROM t_type|SELECT  id,name  FROM t_type
1593272306139|0|statement|connection 0|url jdbc:p6spy:mysql://localhost:3306/blog?useUnicode=true&characterEncoding=utf-8&useSSL=false&serverTimezone=UTC|SELECT  id,name  FROM t_type|SELECT  id,name  FROM t_type
1593274346037|0|statement|connection 20|url jdbc:p6spy:mysql://localhost:3306/blog?useUnicode=true&characterEncoding=utf-8&useSSL=false&serverTimezone=UTC|SELECT  id,name  FROM t_type|SELECT  id,name  FROM t_type
1593274394199|0|statement|connection 20|url jdbc:p6spy:mysql://localhost:3306/blog?useUnicode=true&characterEncoding=utf-8&useSSL=false&serverTimezone=UTC|SELECT  id,name  FROM t_type|SELECT  id,name  FROM t_type
1593275191978|0|statement|connection 21|url jdbc:p6spy:mysql://localhost:3306/blog?useUnicode=true&characterEncoding=utf-8&useSSL=false&serverTimezone=UTC|SELECT  id,name  FROM t_type|SELECT  id,name  FROM t_type
1593275191978|0|statement|connection 20|url jdbc:p6spy:mysql://localhost:3306/blog?useUnicode=true&characterEncoding=utf-8&useSSL=false&serverTimezone=UTC|SELECT  id,name  FROM t_type|SELECT  id,name  FROM t_type
1593275195982|0|statement|connection 20|url jdbc:p6spy:mysql://localhost:3306/blog?useUnicode=true&characterEncoding=utf-8&useSSL=false&serverTimezone=UTC|SELECT  id,name  FROM t_type|SELECT  id,name  FROM t_type
1593275197850|0|statement|connection 20|url jdbc:p6spy:mysql://localhost:3306/blog?useUnicode=true&characterEncoding=utf-8&useSSL=false&serverTimezone=UTC|SELECT  id,name  FROM t_type|SELECT  id,name  FROM t_type
1593275407682|0|statement|connection 20|url jdbc:p6spy:mysql://localhost:3306/blog?useUnicode=true&characterEncoding=utf-8&useSSL=false&serverTimezone=UTC|SELECT  id,name  FROM t_type|SELECT  id,name  FROM t_type
1593275407682|0|statement|connection 21|url jdbc:p6spy:mysql://localhost:3306/blog?useUnicode=true&characterEncoding=utf-8&useSSL=false&serverTimezone=UTC|SELECT  id,name  FROM t_type|SELECT  id,name  FROM t_type
1593275715319|0|statement|connection 21|url jdbc:p6spy:mysql://localhost:3306/blog?useUnicode=true&characterEncoding=utf-8&useSSL=false&serverTimezone=UTC|SELECT  id,name  FROM t_type|SELECT  id,name  FROM t_type
1593275715319|0|statement|connection 20|url jdbc:p6spy:mysql://localhost:3306/blog?useUnicode=true&characterEncoding=utf-8&useSSL=false&serverTimezone=UTC|SELECT  id,name  FROM t_type|SELECT  id,name  FROM t_type
1593276040884|0|statement|connection 20|url jdbc:p6spy:mysql://localhost:3306/blog?useUnicode=true&characterEncoding=utf-8&useSSL=false&serverTimezone=UTC|SELECT  id,name  FROM t_type|SELECT  id,name  FROM t_type
1593276040884|0|statement|connection 21|url jdbc:p6spy:mysql://localhost:3306/blog?useUnicode=true&characterEncoding=utf-8&useSSL=false&serverTimezone=UTC|SELECT  id,name  FROM t_type|SELECT  id,name  FROM t_type
1593317475614|32|statement|connection 0|url jdbc:p6spy:mysql://localhost:3306/blog?useUnicode=true&characterEncoding=utf-8&useSSL=false&serverTimezone=UTC|SELECT  id,name  FROM t_type|SELECT  id,name  FROM t_type
1593317485368|3|statement|connection 0|url jdbc:p6spy:mysql://localhost:3306/blog?useUnicode=true&characterEncoding=utf-8&useSSL=false&serverTimezone=UTC|SELECT  id,name  FROM t_type|SELECT  id,name  FROM t_type
1593317676230|0|statement|connection 0|url jdbc:p6spy:mysql://localhost:3306/blog?useUnicode=true&characterEncoding=utf-8&useSSL=false&serverTimezone=UTC|SELECT  id,name  FROM t_type|SELECT  id,name  FROM t_type
1593317676233|0|statement|connection 1|url jdbc:p6spy:mysql://localhost:3306/blog?useUnicode=true&characterEncoding=utf-8&useSSL=false&serverTimezone=UTC|SELECT  id,name  FROM t_type|SELECT  id,name  FROM t_type
1593317684506|0|statement|connection 0|url jdbc:p6spy:mysql://localhost:3306/blog?useUnicode=true&characterEncoding=utf-8&useSSL=false&serverTimezone=UTC|SELECT  id,name  FROM t_type|SELECT  id,name  FROM t_type
1593317684510|0|statement|connection 0|url jdbc:p6spy:mysql://localhost:3306/blog?useUnicode=true&characterEncoding=utf-8&useSSL=false&serverTimezone=UTC|SELECT  id,name  FROM t_type|SELECT  id,name  FROM t_type
1593317748714|0|statement|connection 0|url jdbc:p6spy:mysql://localhost:3306/blog?useUnicode=true&characterEncoding=utf-8&useSSL=false&serverTimezone=UTC|SELECT  id,name  FROM t_type|SELECT  id,name  FROM t_type
1593317748714|0|statement|connection 1|url jdbc:p6spy:mysql://localhost:3306/blog?useUnicode=true&characterEncoding=utf-8&useSSL=false&serverTimezone=UTC|SELECT  id,name  FROM t_type|SELECT  id,name  FROM t_type
1593317933699|0|statement|connection 0|url jdbc:p6spy:mysql://localhost:3306/blog?useUnicode=true&characterEncoding=utf-8&useSSL=false&serverTimezone=UTC|SELECT  id,name  FROM t_type|SELECT  id,name  FROM t_type
1593317933700|0|statement|connection 1|url jdbc:p6spy:mysql://localhost:3306/blog?useUnicode=true&characterEncoding=utf-8&useSSL=false&serverTimezone=UTC|SELECT  id,name  FROM t_type|SELECT  id,name  FROM t_type
1593318899744|1|statement|connection 0|url jdbc:p6spy:mysql://localhost:3306/blog?useUnicode=true&characterEncoding=utf-8&useSSL=false&serverTimezone=UTC|SELECT  id,name  FROM t_type|SELECT  id,name  FROM t_type
1593318919654|8|statement|connection 0|url jdbc:p6spy:mysql://localhost:3306/blog?useUnicode=true&characterEncoding=utf-8&useSSL=false&serverTimezone=UTC|SELECT  id,name  FROM t_type|SELECT  id,name  FROM t_type
1593318919785|0|statement|connection 0|url jdbc:p6spy:mysql://localhost:3306/blog?useUnicode=true&characterEncoding=utf-8&useSSL=false&serverTimezone=UTC|SELECT  id,name  FROM t_type|SELECT  id,name  FROM t_type
1593318919786|0|statement|connection 1|url jdbc:p6spy:mysql://localhost:3306/blog?useUnicode=true&characterEncoding=utf-8&useSSL=false&serverTimezone=UTC|SELECT  id,name  FROM t_type|SELECT  id,name  FROM t_type
1593319546635|0|statement|connection 10|url jdbc:p6spy:mysql://localhost:3306/blog?useUnicode=true&characterEncoding=utf-8&useSSL=false&serverTimezone=UTC|SELECT  id,name  FROM t_type|SELECT  id,name  FROM t_type
1593319546680|0|statement|connection 10|url jdbc:p6spy:mysql://localhost:3306/blog?useUnicode=true&characterEncoding=utf-8&useSSL=false&serverTimezone=UTC|SELECT  id,name  FROM t_type|SELECT  id,name  FROM t_type
1593319546681|0|statement|connection 10|url jdbc:p6spy:mysql://localhost:3306/blog?useUnicode=true&characterEncoding=utf-8&useSSL=false&serverTimezone=UTC|SELECT  id,name  FROM t_type|SELECT  id,name  FROM t_type
1593319547721|0|statement|connection 10|url jdbc:p6spy:mysql://localhost:3306/blog?useUnicode=true&characterEncoding=utf-8&useSSL=false&serverTimezone=UTC|SELECT  id,name  FROM t_type|SELECT  id,name  FROM t_type
1593319547738|0|statement|connection 10|url jdbc:p6spy:mysql://localhost:3306/blog?useUnicode=true&characterEncoding=utf-8&useSSL=false&serverTimezone=UTC|SELECT  id,name  FROM t_type|SELECT  id,name  FROM t_type
1593319547738|0|statement|connection 11|url jdbc:p6spy:mysql://localhost:3306/blog?useUnicode=true&characterEncoding=utf-8&useSSL=false&serverTimezone=UTC|SELECT  id,name  FROM t_type|SELECT  id,name  FROM t_type
1593319566139|0|statement|connection 10|url jdbc:p6spy:mysql://localhost:3306/blog?useUnicode=true&characterEncoding=utf-8&useSSL=false&serverTimezone=UTC|SELECT  id,name  FROM t_type|SELECT  id,name  FROM t_type
1593319617501|0|statement|connection 10|url jdbc:p6spy:mysql://localhost:3306/blog?useUnicode=true&characterEncoding=utf-8&useSSL=false&serverTimezone=UTC|SELECT  id,name  FROM t_type|SELECT  id,name  FROM t_type
1593319624668|0|statement|connection 10|url jdbc:p6spy:mysql://localhost:3306/blog?useUnicode=true&characterEncoding=utf-8&useSSL=false&serverTimezone=UTC|SELECT  id,name  FROM t_type|SELECT  id,name  FROM t_type
1593319875120|0|statement|connection 10|url jdbc:p6spy:mysql://localhost:3306/blog?useUnicode=true&characterEncoding=utf-8&useSSL=false&serverTimezone=UTC|SELECT  id,name  FROM t_type|SELECT  id,name  FROM t_type
1593319876787|0|statement|connection 10|url jdbc:p6spy:mysql://localhost:3306/blog?useUnicode=true&characterEncoding=utf-8&useSSL=false&serverTimezone=UTC|SELECT id,name FROM t_type WHERE id=? |SELECT id,name FROM t_type WHERE id=2 
1593319973719|0|statement|connection 11|url jdbc:p6spy:mysql://localhost:3306/blog?useUnicode=true&characterEncoding=utf-8&useSSL=false&serverTimezone=UTC|SELECT  id,name  FROM t_type|SELECT  id,name  FROM t_type
1593319973723|0|statement|connection 10|url jdbc:p6spy:mysql://localhost:3306/blog?useUnicode=true&characterEncoding=utf-8&useSSL=false&serverTimezone=UTC|SELECT  id,name  FROM t_type|SELECT  id,name  FROM t_type
1593319973726|0|statement|connection 10|url jdbc:p6spy:mysql://localhost:3306/blog?useUnicode=true&characterEncoding=utf-8&useSSL=false&serverTimezone=UTC|SELECT  id,name  FROM t_type|SELECT  id,name  FROM t_type
1593319976521|0|statement|connection 10|url jdbc:p6spy:mysql://localhost:3306/blog?useUnicode=true&characterEncoding=utf-8&useSSL=false&serverTimezone=UTC|SELECT  id,name  FROM t_type|SELECT  id,name  FROM t_type
1593319976533|0|statement|connection 10|url jdbc:p6spy:mysql://localhost:3306/blog?useUnicode=true&characterEncoding=utf-8&useSSL=false&serverTimezone=UTC|SELECT  id,name  FROM t_type|SELECT  id,name  FROM t_type
1593319976537|0|statement|connection 10|url jdbc:p6spy:mysql://localhost:3306/blog?useUnicode=true&characterEncoding=utf-8&useSSL=false&serverTimezone=UTC|SELECT  id,name  FROM t_type|SELECT  id,name  FROM t_type
1593319980093|0|statement|connection 10|url jdbc:p6spy:mysql://localhost:3306/blog?useUnicode=true&characterEncoding=utf-8&useSSL=false&serverTimezone=UTC|SELECT  id,name  FROM t_type|SELECT  id,name  FROM t_type
1593319981309|0|statement|connection 10|url jdbc:p6spy:mysql://localhost:3306/blog?useUnicode=true&characterEncoding=utf-8&useSSL=false&serverTimezone=UTC|SELECT  id,name  FROM t_type|SELECT  id,name  FROM t_type
1593319983209|0|statement|connection 10|url jdbc:p6spy:mysql://localhost:3306/blog?useUnicode=true&characterEncoding=utf-8&useSSL=false&serverTimezone=UTC|SELECT  id,name  FROM t_type|SELECT  id,name  FROM t_type
1593319984410|0|statement|connection 10|url jdbc:p6spy:mysql://localhost:3306/blog?useUnicode=true&characterEncoding=utf-8&useSSL=false&serverTimezone=UTC|SELECT  id,name  FROM t_type|SELECT  id,name  FROM t_type
1593319985562|0|statement|connection 11|url jdbc:p6spy:mysql://localhost:3306/blog?useUnicode=true&characterEncoding=utf-8&useSSL=false&serverTimezone=UTC|SELECT  id,name  FROM t_type|SELECT  id,name  FROM t_type
1593319986976|0|statement|connection 10|url jdbc:p6spy:mysql://localhost:3306/blog?useUnicode=true&characterEncoding=utf-8&useSSL=false&serverTimezone=UTC|SELECT id,name FROM t_type WHERE id=? |SELECT id,name FROM t_type WHERE id=2 
1593320048613|0|statement|connection 10|url jdbc:p6spy:mysql://localhost:3306/blog?useUnicode=true&characterEncoding=utf-8&useSSL=false&serverTimezone=UTC|SELECT  id,name  FROM t_type|SELECT  id,name  FROM t_type
1593320048642|0|statement|connection 10|url jdbc:p6spy:mysql://localhost:3306/blog?useUnicode=true&characterEncoding=utf-8&useSSL=false&serverTimezone=UTC|SELECT id,name FROM t_type WHERE id=? |SELECT id,name FROM t_type WHERE id=2 
1593320146614|0|statement|connection 10|url jdbc:p6spy:mysql://localhost:3306/blog?useUnicode=true&characterEncoding=utf-8&useSSL=false&serverTimezone=UTC|SELECT  id,name  FROM t_type|SELECT  id,name  FROM t_type
1593320146651|0|statement|connection 10|url jdbc:p6spy:mysql://localhost:3306/blog?useUnicode=true&characterEncoding=utf-8&useSSL=false&serverTimezone=UTC|SELECT id,name FROM t_type WHERE id=? |SELECT id,name FROM t_type WHERE id=2 
1593320164353|0|statement|connection 11|url jdbc:p6spy:mysql://localhost:3306/blog?useUnicode=true&characterEncoding=utf-8&useSSL=false&serverTimezone=UTC|SELECT  id,name  FROM t_type|SELECT  id,name  FROM t_type
1593320164369|0|statement|connection 10|url jdbc:p6spy:mysql://localhost:3306/blog?useUnicode=true&characterEncoding=utf-8&useSSL=false&serverTimezone=UTC|SELECT id,name FROM t_type WHERE id=? |SELECT id,name FROM t_type WHERE id=2 
1593320186306|0|statement|connection 10|url jdbc:p6spy:mysql://localhost:3306/blog?useUnicode=true&characterEncoding=utf-8&useSSL=false&serverTimezone=UTC|SELECT  id,name  FROM t_type|SELECT  id,name  FROM t_type
1593320186344|0|statement|connection 10|url jdbc:p6spy:mysql://localhost:3306/blog?useUnicode=true&characterEncoding=utf-8&useSSL=false&serverTimezone=UTC|SELECT id,name FROM t_type WHERE id=? |SELECT id,name FROM t_type WHERE id=2 
1593320199055|0|statement|connection 10|url jdbc:p6spy:mysql://localhost:3306/blog?useUnicode=true&characterEncoding=utf-8&useSSL=false&serverTimezone=UTC|SELECT  id,name  FROM t_type|SELECT  id,name  FROM t_type
1593320199067|0|statement|connection 10|url jdbc:p6spy:mysql://localhost:3306/blog?useUnicode=true&characterEncoding=utf-8&useSSL=false&serverTimezone=UTC|SELECT  id,name  FROM t_type|SELECT  id,name  FROM t_type
1593320199075|0|statement|connection 10|url jdbc:p6spy:mysql://localhost:3306/blog?useUnicode=true&characterEncoding=utf-8&useSSL=false&serverTimezone=UTC|SELECT  id,name  FROM t_type|SELECT  id,name  FROM t_type
1593320471002|0|statement|connection 11|url jdbc:p6spy:mysql://localhost:3306/blog?useUnicode=true&characterEncoding=utf-8&useSSL=false&serverTimezone=UTC|SELECT  id,name  FROM t_type|SELECT  id,name  FROM t_type
1593320477773|0|statement|connection 10|url jdbc:p6spy:mysql://localhost:3306/blog?useUnicode=true&characterEncoding=utf-8&useSSL=false&serverTimezone=UTC|SELECT  id,name  FROM t_type|SELECT  id,name  FROM t_type
1593320477773|0|statement|connection 11|url jdbc:p6spy:mysql://localhost:3306/blog?useUnicode=true&characterEncoding=utf-8&useSSL=false&serverTimezone=UTC|SELECT  id,name  FROM t_type|SELECT  id,name  FROM t_type
1593320477813|0|statement|connection 10|url jdbc:p6spy:mysql://localhost:3306/blog?useUnicode=true&characterEncoding=utf-8&useSSL=false&serverTimezone=UTC|SELECT  id,name  FROM t_type|SELECT  id,name  FROM t_type
1593320695509|0|statement|connection 10|url jdbc:p6spy:mysql://localhost:3306/blog?useUnicode=true&characterEncoding=utf-8&useSSL=false&serverTimezone=UTC|SELECT  id,name  FROM t_type|SELECT  id,name  FROM t_type
1593320695514|0|statement|connection 10|url jdbc:p6spy:mysql://localhost:3306/blog?useUnicode=true&characterEncoding=utf-8&useSSL=false&serverTimezone=UTC|SELECT  id,name  FROM t_type|SELECT  id,name  FROM t_type
1593320695514|0|statement|connection 11|url jdbc:p6spy:mysql://localhost:3306/blog?useUnicode=true&characterEncoding=utf-8&useSSL=false&serverTimezone=UTC|SELECT  id,name  FROM t_type|SELECT  id,name  FROM t_type
1593320698421|0|statement|connection 11|url jdbc:p6spy:mysql://localhost:3306/blog?useUnicode=true&characterEncoding=utf-8&useSSL=false&serverTimezone=UTC|SELECT  id,name  FROM t_type|SELECT  id,name  FROM t_type
1593320728660|0|statement|connection 11|url jdbc:p6spy:mysql://localhost:3306/blog?useUnicode=true&characterEncoding=utf-8&useSSL=false&serverTimezone=UTC|SELECT  id,name  FROM t_type|SELECT  id,name  FROM t_type
1593320730290|0|statement|connection 10|url jdbc:p6spy:mysql://localhost:3306/blog?useUnicode=true&characterEncoding=utf-8&useSSL=false&serverTimezone=UTC|SELECT  id,name  FROM t_type|SELECT  id,name  FROM t_type
1593320732145|0|statement|connection 10|url jdbc:p6spy:mysql://localhost:3306/blog?useUnicode=true&characterEncoding=utf-8&useSSL=false&serverTimezone=UTC|SELECT  id,name  FROM t_type|SELECT  id,name  FROM t_type
1593320733265|0|statement|connection 10|url jdbc:p6spy:mysql://localhost:3306/blog?useUnicode=true&characterEncoding=utf-8&useSSL=false&serverTimezone=UTC|SELECT  id,name  FROM t_type|SELECT  id,name  FROM t_type
1593321023950|0|statement|connection 10|url jdbc:p6spy:mysql://localhost:3306/blog?useUnicode=true&characterEncoding=utf-8&useSSL=false&serverTimezone=UTC|SELECT  id,name  FROM t_type|SELECT  id,name  FROM t_type
1593321023960|0|statement|connection 11|url jdbc:p6spy:mysql://localhost:3306/blog?useUnicode=true&characterEncoding=utf-8&useSSL=false&serverTimezone=UTC|SELECT  id,name  FROM t_type|SELECT  id,name  FROM t_type
1593321023965|0|statement|connection 11|url jdbc:p6spy:mysql://localhost:3306/blog?useUnicode=true&characterEncoding=utf-8&useSSL=false&serverTimezone=UTC|SELECT  id,name  FROM t_type|SELECT  id,name  FROM t_type
1593321477608|0|statement|connection 20|url jdbc:p6spy:mysql://localhost:3306/blog?useUnicode=true&characterEncoding=utf-8&useSSL=false&serverTimezone=UTC|SELECT  id,name  FROM t_type|SELECT  id,name  FROM t_type
1593321477621|1|statement|connection 20|url jdbc:p6spy:mysql://localhost:3306/blog?useUnicode=true&characterEncoding=utf-8&useSSL=false&serverTimezone=UTC|SELECT  id,name  FROM t_type|SELECT  id,name  FROM t_type
1593321477622|0|statement|connection 21|url jdbc:p6spy:mysql://localhost:3306/blog?useUnicode=true&characterEncoding=utf-8&useSSL=false&serverTimezone=UTC|SELECT  id,name  FROM t_type|SELECT  id,name  FROM t_type
1593322328021|0|statement|connection 20|url jdbc:p6spy:mysql://localhost:3306/blog?useUnicode=true&characterEncoding=utf-8&useSSL=false&serverTimezone=UTC|SELECT  id,name  FROM t_type|SELECT  id,name  FROM t_type
1593322328024|0|statement|connection 20|url jdbc:p6spy:mysql://localhost:3306/blog?useUnicode=true&characterEncoding=utf-8&useSSL=false&serverTimezone=UTC|SELECT  id,name  FROM t_type|SELECT  id,name  FROM t_type
1593322476821|0|statement|connection 21|url jdbc:p6spy:mysql://localhost:3306/blog?useUnicode=true&characterEncoding=utf-8&useSSL=false&serverTimezone=UTC|SELECT  id,name  FROM t_type|SELECT  id,name  FROM t_type
1593322476821|0|statement|connection 20|url jdbc:p6spy:mysql://localhost:3306/blog?useUnicode=true&characterEncoding=utf-8&useSSL=false&serverTimezone=UTC|SELECT  id,name  FROM t_type|SELECT  id,name  FROM t_type
1593322478954|0|statement|connection 21|url jdbc:p6spy:mysql://localhost:3306/blog?useUnicode=true&characterEncoding=utf-8&useSSL=false&serverTimezone=UTC|SELECT  id,name  FROM t_type|SELECT  id,name  FROM t_type
1593322480231|0|statement|connection 20|url jdbc:p6spy:mysql://localhost:3306/blog?useUnicode=true&characterEncoding=utf-8&useSSL=false&serverTimezone=UTC|SELECT  id,name  FROM t_type|SELECT  id,name  FROM t_type
1593322523787|0|statement|connection 20|url jdbc:p6spy:mysql://localhost:3306/blog?useUnicode=true&characterEncoding=utf-8&useSSL=false&serverTimezone=UTC|SELECT  id,name  FROM t_type|SELECT  id,name  FROM t_type
1593322586732|0|statement|connection 20|url jdbc:p6spy:mysql://localhost:3306/blog?useUnicode=true&characterEncoding=utf-8&useSSL=false&serverTimezone=UTC|SELECT  id,name  FROM t_type|SELECT  id,name  FROM t_type
1593322652873|0|statement|connection 20|url jdbc:p6spy:mysql://localhost:3306/blog?useUnicode=true&characterEncoding=utf-8&useSSL=false&serverTimezone=UTC|SELECT  id,name  FROM t_type|SELECT  id,name  FROM t_type
1593322717496|1|statement|connection 20|url jdbc:p6spy:mysql://localhost:3306/blog?useUnicode=true&characterEncoding=utf-8&useSSL=false&serverTimezone=UTC|SELECT  id,name  FROM t_type|SELECT  id,name  FROM t_type
1593322721902|0|statement|connection 21|url jdbc:p6spy:mysql://localhost:3306/blog?useUnicode=true&characterEncoding=utf-8&useSSL=false&serverTimezone=UTC|SELECT  id,name  FROM t_type|SELECT  id,name  FROM t_type
1593322872437|0|statement|connection 0|url jdbc:p6spy:mysql://localhost:3306/blog?useUnicode=true&characterEncoding=utf-8&useSSL=false&serverTimezone=UTC|SELECT  id,name  FROM t_type|SELECT  id,name  FROM t_type
1593323260625|0|statement|connection 2|url jdbc:p6spy:mysql://localhost:3306/blog?useUnicode=true&characterEncoding=utf-8&useSSL=false&serverTimezone=UTC|SELECT  id,name  FROM t_type|SELECT  id,name  FROM t_type
1593323260625|1|statement|connection 0|url jdbc:p6spy:mysql://localhost:3306/blog?useUnicode=true&characterEncoding=utf-8&useSSL=false&serverTimezone=UTC|SELECT  id,name  FROM t_type|SELECT  id,name  FROM t_type
1593323260625|1|statement|connection 1|url jdbc:p6spy:mysql://localhost:3306/blog?useUnicode=true&characterEncoding=utf-8&useSSL=false&serverTimezone=UTC|SELECT  id,name  FROM t_type|SELECT  id,name  FROM t_type
1593323262443|0|statement|connection 0|url jdbc:p6spy:mysql://localhost:3306/blog?useUnicode=true&characterEncoding=utf-8&useSSL=false&serverTimezone=UTC|SELECT  id,name  FROM t_type|SELECT  id,name  FROM t_type
1593323262490|1|statement|connection 0|url jdbc:p6spy:mysql://localhost:3306/blog?useUnicode=true&characterEncoding=utf-8&useSSL=false&serverTimezone=UTC|SELECT COUNT(1) FROM t_type|SELECT COUNT(1) FROM t_type
1593323262499|0|statement|connection 0|url jdbc:p6spy:mysql://localhost:3306/blog?useUnicode=true&characterEncoding=utf-8&useSSL=false&serverTimezone=UTC|SELECT  id,name  FROM t_type LIMIT ?,?|SELECT  id,name  FROM t_type LIMIT 0,5
1593323264128|0|statement|connection 0|url jdbc:p6spy:mysql://localhost:3306/blog?useUnicode=true&characterEncoding=utf-8&useSSL=false&serverTimezone=UTC|SELECT COUNT(1) FROM t_type|SELECT COUNT(1) FROM t_type
1593323264129|0|statement|connection 0|url jdbc:p6spy:mysql://localhost:3306/blog?useUnicode=true&characterEncoding=utf-8&useSSL=false&serverTimezone=UTC|SELECT  id,name  FROM t_type LIMIT ?,?|SELECT  id,name  FROM t_type LIMIT 5,5
1593323266138|0|statement|connection 0|url jdbc:p6spy:mysql://localhost:3306/blog?useUnicode=true&characterEncoding=utf-8&useSSL=false&serverTimezone=UTC|SELECT COUNT(1) FROM t_type|SELECT COUNT(1) FROM t_type
1593323266139|0|statement|connection 0|url jdbc:p6spy:mysql://localhost:3306/blog?useUnicode=true&characterEncoding=utf-8&useSSL=false&serverTimezone=UTC|SELECT  id,name  FROM t_type LIMIT ?,?|SELECT  id,name  FROM t_type LIMIT 0,5
1593323268256|0|statement|connection 0|url jdbc:p6spy:mysql://localhost:3306/blog?useUnicode=true&characterEncoding=utf-8&useSSL=false&serverTimezone=UTC|SELECT COUNT(1) FROM t_type|SELECT COUNT(1) FROM t_type
1593323268257|0|statement|connection 0|url jdbc:p6spy:mysql://localhost:3306/blog?useUnicode=true&characterEncoding=utf-8&useSSL=false&serverTimezone=UTC|SELECT  id,name  FROM t_type LIMIT ?,?|SELECT  id,name  FROM t_type LIMIT 5,5
1593323281698|0|statement|connection 0|url jdbc:p6spy:mysql://localhost:3306/blog?useUnicode=true&characterEncoding=utf-8&useSSL=false&serverTimezone=UTC|SELECT COUNT(1) FROM t_type|SELECT COUNT(1) FROM t_type
1593323281699|0|statement|connection 0|url jdbc:p6spy:mysql://localhost:3306/blog?useUnicode=true&characterEncoding=utf-8&useSSL=false&serverTimezone=UTC|SELECT  id,name  FROM t_type LIMIT ?,?|SELECT  id,name  FROM t_type LIMIT 0,5
1593323284034|0|statement|connection 0|url jdbc:p6spy:mysql://localhost:3306/blog?useUnicode=true&characterEncoding=utf-8&useSSL=false&serverTimezone=UTC|SELECT COUNT(1) FROM t_type|SELECT COUNT(1) FROM t_type
1593323284035|0|statement|connection 0|url jdbc:p6spy:mysql://localhost:3306/blog?useUnicode=true&characterEncoding=utf-8&useSSL=false&serverTimezone=UTC|SELECT  id,name  FROM t_type LIMIT ?,?|SELECT  id,name  FROM t_type LIMIT 5,5
1593323285359|0|statement|connection 0|url jdbc:p6spy:mysql://localhost:3306/blog?useUnicode=true&characterEncoding=utf-8&useSSL=false&serverTimezone=UTC|SELECT COUNT(1) FROM t_type|SELECT COUNT(1) FROM t_type
1593323285361|0|statement|connection 0|url jdbc:p6spy:mysql://localhost:3306/blog?useUnicode=true&characterEncoding=utf-8&useSSL=false&serverTimezone=UTC|SELECT  id,name  FROM t_type LIMIT ?,?|SELECT  id,name  FROM t_type LIMIT 0,5
1593323286992|0|statement|connection 1|url jdbc:p6spy:mysql://localhost:3306/blog?useUnicode=true&characterEncoding=utf-8&useSSL=false&serverTimezone=UTC|SELECT COUNT(1) FROM t_type|SELECT COUNT(1) FROM t_type
1593323286993|0|statement|connection 1|url jdbc:p6spy:mysql://localhost:3306/blog?useUnicode=true&characterEncoding=utf-8&useSSL=false&serverTimezone=UTC|SELECT  id,name  FROM t_type LIMIT ?,?|SELECT  id,name  FROM t_type LIMIT 5,5
1593323288040|0|statement|connection 2|url jdbc:p6spy:mysql://localhost:3306/blog?useUnicode=true&characterEncoding=utf-8&useSSL=false&serverTimezone=UTC|SELECT COUNT(1) FROM t_type|SELECT COUNT(1) FROM t_type
1593323288041|0|statement|connection 2|url jdbc:p6spy:mysql://localhost:3306/blog?useUnicode=true&characterEncoding=utf-8&useSSL=false&serverTimezone=UTC|SELECT  id,name  FROM t_type LIMIT ?,?|SELECT  id,name  FROM t_type LIMIT 10,5
1593323289298|0|statement|connection 0|url jdbc:p6spy:mysql://localhost:3306/blog?useUnicode=true&characterEncoding=utf-8&useSSL=false&serverTimezone=UTC|SELECT COUNT(1) FROM t_type|SELECT COUNT(1) FROM t_type
1593323289299|0|statement|connection 0|url jdbc:p6spy:mysql://localhost:3306/blog?useUnicode=true&characterEncoding=utf-8&useSSL=false&serverTimezone=UTC|SELECT  id,name  FROM t_type LIMIT ?,?|SELECT  id,name  FROM t_type LIMIT 15,5
1593323290454|0|statement|connection 0|url jdbc:p6spy:mysql://localhost:3306/blog?useUnicode=true&characterEncoding=utf-8&useSSL=false&serverTimezone=UTC|SELECT COUNT(1) FROM t_type|SELECT COUNT(1) FROM t_type
1593323290455|0|statement|connection 0|url jdbc:p6spy:mysql://localhost:3306/blog?useUnicode=true&characterEncoding=utf-8&useSSL=false&serverTimezone=UTC|SELECT  id,name  FROM t_type LIMIT ?,?|SELECT  id,name  FROM t_type LIMIT 10,5
1593323291065|0|statement|connection 0|url jdbc:p6spy:mysql://localhost:3306/blog?useUnicode=true&characterEncoding=utf-8&useSSL=false&serverTimezone=UTC|SELECT COUNT(1) FROM t_type|SELECT COUNT(1) FROM t_type
1593323291066|0|statement|connection 0|url jdbc:p6spy:mysql://localhost:3306/blog?useUnicode=true&characterEncoding=utf-8&useSSL=false&serverTimezone=UTC|SELECT  id,name  FROM t_type LIMIT ?,?|SELECT  id,name  FROM t_type LIMIT 5,5
1593323292282|0|statement|connection 0|url jdbc:p6spy:mysql://localhost:3306/blog?useUnicode=true&characterEncoding=utf-8&useSSL=false&serverTimezone=UTC|SELECT COUNT(1) FROM t_type|SELECT COUNT(1) FROM t_type
1593323292283|0|statement|connection 0|url jdbc:p6spy:mysql://localhost:3306/blog?useUnicode=true&characterEncoding=utf-8&useSSL=false&serverTimezone=UTC|SELECT  id,name  FROM t_type LIMIT ?,?|SELECT  id,name  FROM t_type LIMIT 0,5
1593323445315|0|statement|connection 1|url jdbc:p6spy:mysql://localhost:3306/blog?useUnicode=true&characterEncoding=utf-8&useSSL=false&serverTimezone=UTC|SELECT  id,name  FROM t_type|SELECT  id,name  FROM t_type
1593323445321|0|statement|connection 0|url jdbc:p6spy:mysql://localhost:3306/blog?useUnicode=true&characterEncoding=utf-8&useSSL=false&serverTimezone=UTC|SELECT COUNT(1) FROM t_type|SELECT COUNT(1) FROM t_type
1593323445331|0|statement|connection 0|url jdbc:p6spy:mysql://localhost:3306/blog?useUnicode=true&characterEncoding=utf-8&useSSL=false&serverTimezone=UTC|SELECT  id,name  FROM t_type LIMIT ?,?|SELECT  id,name  FROM t_type LIMIT 0,5
1593323446534|0|statement|connection 1|url jdbc:p6spy:mysql://localhost:3306/blog?useUnicode=true&characterEncoding=utf-8&useSSL=false&serverTimezone=UTC|SELECT  id,name  FROM t_type|SELECT  id,name  FROM t_type
1593323446535|1|statement|connection 0|url jdbc:p6spy:mysql://localhost:3306/blog?useUnicode=true&characterEncoding=utf-8&useSSL=false&serverTimezone=UTC|SELECT COUNT(1) FROM t_type|SELECT COUNT(1) FROM t_type
1593323446540|2|statement|connection 0|url jdbc:p6spy:mysql://localhost:3306/blog?useUnicode=true&characterEncoding=utf-8&useSSL=false&serverTimezone=UTC|SELECT  id,name  FROM t_type LIMIT ?,?|SELECT  id,name  FROM t_type LIMIT 0,5
1593323447872|0|statement|connection 0|url jdbc:p6spy:mysql://localhost:3306/blog?useUnicode=true&characterEncoding=utf-8&useSSL=false&serverTimezone=UTC|SELECT COUNT(1) FROM t_type|SELECT COUNT(1) FROM t_type
1593323447873|0|statement|connection 0|url jdbc:p6spy:mysql://localhost:3306/blog?useUnicode=true&characterEncoding=utf-8&useSSL=false&serverTimezone=UTC|SELECT  id,name  FROM t_type LIMIT ?,?|SELECT  id,name  FROM t_type LIMIT 5,5
1593323449058|0|statement|connection 0|url jdbc:p6spy:mysql://localhost:3306/blog?useUnicode=true&characterEncoding=utf-8&useSSL=false&serverTimezone=UTC|SELECT COUNT(1) FROM t_type|SELECT COUNT(1) FROM t_type
1593323449059|0|statement|connection 0|url jdbc:p6spy:mysql://localhost:3306/blog?useUnicode=true&characterEncoding=utf-8&useSSL=false&serverTimezone=UTC|SELECT  id,name  FROM t_type LIMIT ?,?|SELECT  id,name  FROM t_type LIMIT 10,5
1593323451873|0|statement|connection 0|url jdbc:p6spy:mysql://localhost:3306/blog?useUnicode=true&characterEncoding=utf-8&useSSL=false&serverTimezone=UTC|SELECT COUNT(1) FROM t_type|SELECT COUNT(1) FROM t_type
1593323451874|0|statement|connection 0|url jdbc:p6spy:mysql://localhost:3306/blog?useUnicode=true&characterEncoding=utf-8&useSSL=false&serverTimezone=UTC|SELECT  id,name  FROM t_type LIMIT ?,?|SELECT  id,name  FROM t_type LIMIT 5,5
1593323453272|0|statement|connection 0|url jdbc:p6spy:mysql://localhost:3306/blog?useUnicode=true&characterEncoding=utf-8&useSSL=false&serverTimezone=UTC|SELECT COUNT(1) FROM t_type|SELECT COUNT(1) FROM t_type
1593323453272|0|statement|connection 0|url jdbc:p6spy:mysql://localhost:3306/blog?useUnicode=true&characterEncoding=utf-8&useSSL=false&serverTimezone=UTC|SELECT  id,name  FROM t_type LIMIT ?,?|SELECT  id,name  FROM t_type LIMIT 0,5
1593323521369|0|statement|connection 0|url jdbc:p6spy:mysql://localhost:3306/blog?useUnicode=true&characterEncoding=utf-8&useSSL=false&serverTimezone=UTC|SELECT  id,name  FROM t_type|SELECT  id,name  FROM t_type
1593323521376|1|statement|connection 1|url jdbc:p6spy:mysql://localhost:3306/blog?useUnicode=true&characterEncoding=utf-8&useSSL=false&serverTimezone=UTC|SELECT COUNT(1) FROM t_type|SELECT COUNT(1) FROM t_type
1593323521386|0|statement|connection 1|url jdbc:p6spy:mysql://localhost:3306/blog?useUnicode=true&characterEncoding=utf-8&useSSL=false&serverTimezone=UTC|SELECT  id,name  FROM t_type LIMIT ?,?|SELECT  id,name  FROM t_type LIMIT 0,5
1593323523114|0|statement|connection 0|url jdbc:p6spy:mysql://localhost:3306/blog?useUnicode=true&characterEncoding=utf-8&useSSL=false&serverTimezone=UTC|SELECT COUNT(1) FROM t_type|SELECT COUNT(1) FROM t_type
1593323523115|0|statement|connection 0|url jdbc:p6spy:mysql://localhost:3306/blog?useUnicode=true&characterEncoding=utf-8&useSSL=false&serverTimezone=UTC|SELECT  id,name  FROM t_type LIMIT ?,?|SELECT  id,name  FROM t_type LIMIT 5,5
1593323525562|0|statement|connection 0|url jdbc:p6spy:mysql://localhost:3306/blog?useUnicode=true&characterEncoding=utf-8&useSSL=false&serverTimezone=UTC|SELECT COUNT(1) FROM t_type|SELECT COUNT(1) FROM t_type
1593323525563|0|statement|connection 0|url jdbc:p6spy:mysql://localhost:3306/blog?useUnicode=true&characterEncoding=utf-8&useSSL=false&serverTimezone=UTC|SELECT  id,name  FROM t_type LIMIT ?,?|SELECT  id,name  FROM t_type LIMIT 0,5
1593323528777|0|statement|connection 0|url jdbc:p6spy:mysql://localhost:3306/blog?useUnicode=true&characterEncoding=utf-8&useSSL=false&serverTimezone=UTC|SELECT COUNT(1) FROM t_type|SELECT COUNT(1) FROM t_type
1593323528778|0|statement|connection 0|url jdbc:p6spy:mysql://localhost:3306/blog?useUnicode=true&characterEncoding=utf-8&useSSL=false&serverTimezone=UTC|SELECT  id,name  FROM t_type LIMIT ?,?|SELECT  id,name  FROM t_type LIMIT 5,5
1593323529775|0|statement|connection 0|url jdbc:p6spy:mysql://localhost:3306/blog?useUnicode=true&characterEncoding=utf-8&useSSL=false&serverTimezone=UTC|SELECT COUNT(1) FROM t_type|SELECT COUNT(1) FROM t_type
1593323529776|0|statement|connection 0|url jdbc:p6spy:mysql://localhost:3306/blog?useUnicode=true&characterEncoding=utf-8&useSSL=false&serverTimezone=UTC|SELECT  id,name  FROM t_type LIMIT ?,?|SELECT  id,name  FROM t_type LIMIT 0,5
1593323630397|0|statement|connection 0|url jdbc:p6spy:mysql://localhost:3306/blog?useUnicode=true&characterEncoding=utf-8&useSSL=false&serverTimezone=UTC|SELECT  id,name  FROM t_type|SELECT  id,name  FROM t_type
1593323630403|0|statement|connection 1|url jdbc:p6spy:mysql://localhost:3306/blog?useUnicode=true&characterEncoding=utf-8&useSSL=false&serverTimezone=UTC|SELECT COUNT(1) FROM t_type|SELECT COUNT(1) FROM t_type
1593323630412|0|statement|connection 1|url jdbc:p6spy:mysql://localhost:3306/blog?useUnicode=true&characterEncoding=utf-8&useSSL=false&serverTimezone=UTC|SELECT  id,name  FROM t_type           ORDER BY id DESC LIMIT ?,?|SELECT  id,name  FROM t_type           ORDER BY id DESC LIMIT 0,5
1593323632396|0|statement|connection 0|url jdbc:p6spy:mysql://localhost:3306/blog?useUnicode=true&characterEncoding=utf-8&useSSL=false&serverTimezone=UTC|SELECT COUNT(1) FROM t_type|SELECT COUNT(1) FROM t_type
1593323632396|0|statement|connection 0|url jdbc:p6spy:mysql://localhost:3306/blog?useUnicode=true&characterEncoding=utf-8&useSSL=false&serverTimezone=UTC|SELECT  id,name  FROM t_type           ORDER BY id DESC LIMIT ?,?|SELECT  id,name  FROM t_type           ORDER BY id DESC LIMIT 5,5
1593323633937|0|statement|connection 0|url jdbc:p6spy:mysql://localhost:3306/blog?useUnicode=true&characterEncoding=utf-8&useSSL=false&serverTimezone=UTC|SELECT COUNT(1) FROM t_type|SELECT COUNT(1) FROM t_type
1593323633937|0|statement|connection 0|url jdbc:p6spy:mysql://localhost:3306/blog?useUnicode=true&characterEncoding=utf-8&useSSL=false&serverTimezone=UTC|SELECT  id,name  FROM t_type           ORDER BY id DESC LIMIT ?,?|SELECT  id,name  FROM t_type           ORDER BY id DESC LIMIT 0,5
1593323647642|0|statement|connection 0|url jdbc:p6spy:mysql://localhost:3306/blog?useUnicode=true&characterEncoding=utf-8&useSSL=false&serverTimezone=UTC|SELECT  id,name  FROM t_type|SELECT  id,name  FROM t_type
1593323647644|0|statement|connection 1|url jdbc:p6spy:mysql://localhost:3306/blog?useUnicode=true&characterEncoding=utf-8&useSSL=false&serverTimezone=UTC|SELECT COUNT(1) FROM t_type|SELECT COUNT(1) FROM t_type
1593323647645|0|statement|connection 1|url jdbc:p6spy:mysql://localhost:3306/blog?useUnicode=true&characterEncoding=utf-8&useSSL=false&serverTimezone=UTC|SELECT  id,name  FROM t_type           ORDER BY id DESC LIMIT ?,?|SELECT  id,name  FROM t_type           ORDER BY id DESC LIMIT 0,5
