2020-06-28 00:02:35.320  INFO 18412 --- [AsyncResolver-bootstrap-executor-0] c.n.d.s.r.aws.ConfigClusterResolver      : Resolving eureka endpoints via configuration
2020-06-28 00:07:35.324  INFO 18412 --- [AsyncResolver-bootstrap-executor-0] c.n.d.s.r.aws.ConfigClusterResolver      : Resolving eureka endpoints via configuration
2020-06-28 00:12:25.947  INFO 18412 --- [http-nio-8011-exec-3] com.zaxxer.hikari.HikariDataSource       : HikariPool-2 - Starting...
2020-06-28 00:12:26.037  INFO 18412 --- [http-nio-8011-exec-3] com.zaxxer.hikari.HikariDataSource       : HikariPool-2 - Start completed.
2020-06-28 00:12:35.325  INFO 18412 --- [AsyncResolver-bootstrap-executor-0] c.n.d.s.r.aws.ConfigClusterResolver      : Resolving eureka endpoints via configuration
2020-06-28 00:17:35.327  INFO 18412 --- [AsyncResolver-bootstrap-executor-0] c.n.d.s.r.aws.ConfigClusterResolver      : Resolving eureka endpoints via configuration
2020-06-28 00:22:35.329  INFO 18412 --- [AsyncResolver-bootstrap-executor-0] c.n.d.s.r.aws.ConfigClusterResolver      : Resolving eureka endpoints via configuration
2020-06-28 00:27:35.330  INFO 18412 --- [AsyncResolver-bootstrap-executor-0] c.n.d.s.r.aws.ConfigClusterResolver      : Resolving eureka endpoints via configuration
2020-06-28 00:32:35.332  INFO 18412 --- [AsyncResolver-bootstrap-executor-0] c.n.d.s.r.aws.ConfigClusterResolver      : Resolving eureka endpoints via configuration
2020-06-28 00:37:35.333  INFO 18412 --- [AsyncResolver-bootstrap-executor-0] c.n.d.s.r.aws.ConfigClusterResolver      : Resolving eureka endpoints via configuration
2020-06-28 12:02:09.111  INFO 7208 --- [restartedMain] .b.BlogTypeManageProvider8011Application : No active profile set, falling back to default profiles: default
2020-06-28 12:02:10.206  INFO 7208 --- [restartedMain] o.s.cloud.context.scope.GenericScope     : BeanFactory id=5dbbbb6a-9672-371b-b32a-9010ef00628d
2020-06-28 12:02:10.318  INFO 7208 --- [restartedMain] trationDelegate$BeanPostProcessorChecker : Bean 'org.springframework.transaction.annotation.ProxyTransactionManagementConfiguration' of type [org.springframework.transaction.annotation.ProxyTransactionManagementConfiguration] is not eligible for getting processed by all BeanPostProcessors (for example: not eligible for auto-proxying)
2020-06-28 12:02:10.657  INFO 7208 --- [restartedMain] o.s.b.w.embedded.tomcat.TomcatWebServer  : Tomcat initialized with port(s): 8011 (http)
2020-06-28 12:02:10.670  INFO 7208 --- [restartedMain] o.apache.catalina.core.StandardService   : Starting service [Tomcat]
2020-06-28 12:02:10.671  INFO 7208 --- [restartedMain] org.apache.catalina.core.StandardEngine  : Starting Servlet engine: [Apache Tomcat/9.0.29]
2020-06-28 12:02:10.790  INFO 7208 --- [restartedMain] o.a.c.c.C.[Tomcat].[localhost].[/]       : Initializing Spring embedded WebApplicationContext
2020-06-28 12:02:10.791  INFO 7208 --- [restartedMain] o.s.web.context.ContextLoader            : Root WebApplicationContext: initialization completed in 1659 ms
2020-06-28 12:02:12.024  INFO 7208 --- [restartedMain] pertySourcedRequestMappingHandlerMapping : Mapped URL path [/v2/api-docs] onto method [springfox.documentation.swagger2.web.Swagger2Controller#getDocumentation(String, HttpServletRequest)]
2020-06-28 12:02:12.041  WARN 7208 --- [restartedMain] c.n.c.sources.URLConfigurationSource     : No URLs will be polled as dynamic configuration sources.
2020-06-28 12:02:12.041  INFO 7208 --- [restartedMain] c.n.c.sources.URLConfigurationSource     : To enable URLs as dynamic configuration sources, define System property archaius.configurationSource.additionalUrls or make config.properties available on classpath.
2020-06-28 12:02:12.051  WARN 7208 --- [restartedMain] c.n.c.sources.URLConfigurationSource     : No URLs will be polled as dynamic configuration sources.
2020-06-28 12:02:12.052  INFO 7208 --- [restartedMain] c.n.c.sources.URLConfigurationSource     : To enable URLs as dynamic configuration sources, define System property archaius.configurationSource.additionalUrls or make config.properties available on classpath.
2020-06-28 12:02:12.174  INFO 7208 --- [restartedMain] o.s.s.concurrent.ThreadPoolTaskExecutor  : Initializing ExecutorService 'applicationTaskExecutor'
2020-06-28 12:02:12.238  WARN 7208 --- [restartedMain] o.s.b.d.a.OptionalLiveReloadServer       : Unable to start LiveReload server
2020-06-28 12:02:13.766  INFO 7208 --- [restartedMain] o.s.cloud.commons.util.InetUtils         : Cannot determine local hostname
2020-06-28 12:02:15.062  INFO 7208 --- [restartedMain] o.s.cloud.commons.util.InetUtils         : Cannot determine local hostname
2020-06-28 12:02:16.327  INFO 7208 --- [restartedMain] o.s.cloud.commons.util.InetUtils         : Cannot determine local hostname
2020-06-28 12:02:16.343  WARN 7208 --- [restartedMain] ockingLoadBalancerClientRibbonWarnLogger : You already have RibbonLoadBalancerClient on your classpath. It will be used by default. As Spring Cloud Ribbon is in maintenance mode. We recommend switching to BlockingLoadBalancerClient instead. In order to use it, set the value of `spring.cloud.loadbalancer.ribbon.enabled` to `false` or remove spring-cloud-starter-netflix-ribbon from your project.
2020-06-28 12:02:16.408  INFO 7208 --- [restartedMain] o.s.c.n.eureka.InstanceInfoFactory       : Setting initial instance status as: STARTING
2020-06-28 12:02:16.427  INFO 7208 --- [restartedMain] com.netflix.discovery.DiscoveryClient    : Initializing Eureka in region us-east-1
2020-06-28 12:02:16.522  INFO 7208 --- [restartedMain] c.n.d.provider.DiscoveryJerseyProvider   : Using JSON encoding codec LegacyJacksonJson
2020-06-28 12:02:16.522  INFO 7208 --- [restartedMain] c.n.d.provider.DiscoveryJerseyProvider   : Using JSON decoding codec LegacyJacksonJson
2020-06-28 12:02:16.617  INFO 7208 --- [restartedMain] c.n.d.provider.DiscoveryJerseyProvider   : Using XML encoding codec XStreamXml
2020-06-28 12:02:16.617  INFO 7208 --- [restartedMain] c.n.d.provider.DiscoveryJerseyProvider   : Using XML decoding codec XStreamXml
2020-06-28 12:02:16.720  INFO 7208 --- [restartedMain] c.n.d.s.r.aws.ConfigClusterResolver      : Resolving eureka endpoints via configuration
2020-06-28 12:02:16.930  INFO 7208 --- [restartedMain] com.netflix.discovery.DiscoveryClient    : Disable delta property : false
2020-06-28 12:02:16.930  INFO 7208 --- [restartedMain] com.netflix.discovery.DiscoveryClient    : Single vip registry refresh property : null
2020-06-28 12:02:16.930  INFO 7208 --- [restartedMain] com.netflix.discovery.DiscoveryClient    : Force full registry fetch : false
2020-06-28 12:02:16.931  INFO 7208 --- [restartedMain] com.netflix.discovery.DiscoveryClient    : Application is null : false
2020-06-28 12:02:16.931  INFO 7208 --- [restartedMain] com.netflix.discovery.DiscoveryClient    : Registered Applications size is zero : true
2020-06-28 12:02:16.931  INFO 7208 --- [restartedMain] com.netflix.discovery.DiscoveryClient    : Application version is -1: true
2020-06-28 12:02:16.931  INFO 7208 --- [restartedMain] com.netflix.discovery.DiscoveryClient    : Getting all instance registry info from the eureka server
2020-06-28 12:02:17.051  INFO 7208 --- [restartedMain] com.netflix.discovery.DiscoveryClient    : The response status is 200
2020-06-28 12:02:17.053  INFO 7208 --- [restartedMain] com.netflix.discovery.DiscoveryClient    : Starting heartbeat executor: renew interval is: 30
2020-06-28 12:02:17.054  INFO 7208 --- [restartedMain] c.n.discovery.InstanceInfoReplicator     : InstanceInfoReplicator onDemand update allowed rate per min is 4
2020-06-28 12:02:17.057  INFO 7208 --- [restartedMain] com.netflix.discovery.DiscoveryClient    : Discovery Client initialized at timestamp 1593316937057 with initial instances count: 1
2020-06-28 12:02:17.059  INFO 7208 --- [restartedMain] o.s.c.n.e.s.EurekaServiceRegistry        : Registering application BLOG-TYPE-MANAGE-SERVICE-PROVIDER with eureka with status UP
2020-06-28 12:02:17.060  INFO 7208 --- [restartedMain] com.netflix.discovery.DiscoveryClient    : Saw local status change event StatusChangeEvent [timestamp=1593316937060, current=UP, previous=STARTING]
2020-06-28 12:02:17.062  INFO 7208 --- [DiscoveryClient-InstanceInfoReplicator-0] com.netflix.discovery.DiscoveryClient    : DiscoveryClient_BLOG-TYPE-MANAGE-SERVICE-PROVIDER/192.168.179.1:8011: registering service...
2020-06-28 12:02:17.063  INFO 7208 --- [restartedMain] d.s.w.p.DocumentationPluginsBootstrapper : Context refreshed
2020-06-28 12:02:17.075  INFO 7208 --- [restartedMain] d.s.w.p.DocumentationPluginsBootstrapper : Found 1 custom documentation plugin(s)
2020-06-28 12:02:17.111  INFO 7208 --- [DiscoveryClient-InstanceInfoReplicator-0] com.netflix.discovery.DiscoveryClient    : DiscoveryClient_BLOG-TYPE-MANAGE-SERVICE-PROVIDER/192.168.179.1:8011 - registration status: 204
2020-06-28 12:02:17.115  INFO 7208 --- [restartedMain] s.d.s.w.s.ApiListingReferenceScanner     : Scanning for api listing references
2020-06-28 12:02:17.241  INFO 7208 --- [restartedMain] o.a.c.c.C.[Tomcat].[localhost].[/]       : Initializing Spring DispatcherServlet 'dispatcherServlet'
2020-06-28 12:02:17.242  INFO 7208 --- [restartedMain] o.s.web.servlet.DispatcherServlet        : Initializing Servlet 'dispatcherServlet'
2020-06-28 12:02:17.246  INFO 7208 --- [restartedMain] o.s.web.servlet.DispatcherServlet        : Completed initialization in 4 ms
2020-06-28 12:02:17.247  INFO 7208 --- [restartedMain] o.s.b.w.embedded.tomcat.TomcatWebServer  : Tomcat started on port(s): 8011 (http) with context path ''
2020-06-28 12:02:17.248  INFO 7208 --- [restartedMain] .s.c.n.e.s.EurekaAutoServiceRegistration : Updating port to 8011
2020-06-28 12:02:18.584  INFO 7208 --- [restartedMain] o.s.cloud.commons.util.InetUtils         : Cannot determine local hostname
2020-06-28 12:02:18.586  INFO 7208 --- [restartedMain] .b.BlogTypeManageProvider8011Application : Started BlogTypeManageProvider8011Application in 12.802 seconds (JVM running for 13.685)
2020-06-28 12:07:16.933  INFO 7208 --- [AsyncResolver-bootstrap-executor-0] c.n.d.s.r.aws.ConfigClusterResolver      : Resolving eureka endpoints via configuration
2020-06-28 12:11:15.448  INFO 7208 --- [http-nio-8011-exec-1] com.zaxxer.hikari.HikariDataSource       : HikariPool-1 - Starting...
2020-06-28 12:11:15.573  INFO 7208 --- [http-nio-8011-exec-1] com.zaxxer.hikari.HikariDataSource       : HikariPool-1 - Start completed.
2020-06-28 12:12:16.934  INFO 7208 --- [AsyncResolver-bootstrap-executor-0] c.n.d.s.r.aws.ConfigClusterResolver      : Resolving eureka endpoints via configuration
2020-06-28 12:17:16.936  INFO 7208 --- [AsyncResolver-bootstrap-executor-0] c.n.d.s.r.aws.ConfigClusterResolver      : Resolving eureka endpoints via configuration
2020-06-28 12:22:16.937  INFO 7208 --- [AsyncResolver-bootstrap-executor-0] c.n.d.s.r.aws.ConfigClusterResolver      : Resolving eureka endpoints via configuration
2020-06-28 12:27:16.938  INFO 7208 --- [AsyncResolver-bootstrap-executor-0] c.n.d.s.r.aws.ConfigClusterResolver      : Resolving eureka endpoints via configuration
2020-06-28 12:32:16.939  INFO 7208 --- [AsyncResolver-bootstrap-executor-0] c.n.d.s.r.aws.ConfigClusterResolver      : Resolving eureka endpoints via configuration
2020-06-28 12:33:21.332  INFO 7136 --- [restartedMain] .b.BlogTypeManageProvider8011Application : No active profile set, falling back to default profiles: default
2020-06-28 12:33:22.022  INFO 7136 --- [restartedMain] o.s.cloud.context.scope.GenericScope     : BeanFactory id=5dbbbb6a-9672-371b-b32a-9010ef00628d
2020-06-28 12:33:22.095  INFO 7136 --- [restartedMain] trationDelegate$BeanPostProcessorChecker : Bean 'org.springframework.transaction.annotation.ProxyTransactionManagementConfiguration' of type [org.springframework.transaction.annotation.ProxyTransactionManagementConfiguration] is not eligible for getting processed by all BeanPostProcessors (for example: not eligible for auto-proxying)
2020-06-28 12:33:22.403  INFO 7136 --- [restartedMain] o.s.b.w.embedded.tomcat.TomcatWebServer  : Tomcat initialized with port(s): 8011 (http)
2020-06-28 12:33:22.410  INFO 7136 --- [restartedMain] o.apache.catalina.core.StandardService   : Starting service [Tomcat]
2020-06-28 12:33:22.410  INFO 7136 --- [restartedMain] org.apache.catalina.core.StandardEngine  : Starting Servlet engine: [Apache Tomcat/9.0.29]
2020-06-28 12:33:22.501  INFO 7136 --- [restartedMain] o.a.c.c.C.[Tomcat].[localhost].[/]       : Initializing Spring embedded WebApplicationContext
2020-06-28 12:33:22.501  INFO 7136 --- [restartedMain] o.s.web.context.ContextLoader            : Root WebApplicationContext: initialization completed in 1158 ms
2020-06-28 12:33:23.249  INFO 7136 --- [restartedMain] pertySourcedRequestMappingHandlerMapping : Mapped URL path [/v2/api-docs] onto method [springfox.documentation.swagger2.web.Swagger2Controller#getDocumentation(String, HttpServletRequest)]
2020-06-28 12:33:23.255  WARN 7136 --- [restartedMain] c.n.c.sources.URLConfigurationSource     : No URLs will be polled as dynamic configuration sources.
2020-06-28 12:33:23.256  INFO 7136 --- [restartedMain] c.n.c.sources.URLConfigurationSource     : To enable URLs as dynamic configuration sources, define System property archaius.configurationSource.additionalUrls or make config.properties available on classpath.
2020-06-28 12:33:23.258  WARN 7136 --- [restartedMain] c.n.c.sources.URLConfigurationSource     : No URLs will be polled as dynamic configuration sources.
2020-06-28 12:33:23.258  INFO 7136 --- [restartedMain] c.n.c.sources.URLConfigurationSource     : To enable URLs as dynamic configuration sources, define System property archaius.configurationSource.additionalUrls or make config.properties available on classpath.
2020-06-28 12:33:23.327  INFO 7136 --- [restartedMain] o.s.s.concurrent.ThreadPoolTaskExecutor  : Initializing ExecutorService 'applicationTaskExecutor'
2020-06-28 12:33:23.359  WARN 7136 --- [restartedMain] o.s.b.d.a.OptionalLiveReloadServer       : Unable to start LiveReload server
2020-06-28 12:33:24.838  INFO 7136 --- [restartedMain] o.s.cloud.commons.util.InetUtils         : Cannot determine local hostname
2020-06-28 12:33:26.119  INFO 7136 --- [restartedMain] o.s.cloud.commons.util.InetUtils         : Cannot determine local hostname
2020-06-28 12:33:27.531  INFO 7136 --- [restartedMain] o.s.cloud.commons.util.InetUtils         : Cannot determine local hostname
2020-06-28 12:33:27.552  WARN 7136 --- [restartedMain] ockingLoadBalancerClientRibbonWarnLogger : You already have RibbonLoadBalancerClient on your classpath. It will be used by default. As Spring Cloud Ribbon is in maintenance mode. We recommend switching to BlockingLoadBalancerClient instead. In order to use it, set the value of `spring.cloud.loadbalancer.ribbon.enabled` to `false` or remove spring-cloud-starter-netflix-ribbon from your project.
2020-06-28 12:33:27.645  INFO 7136 --- [restartedMain] o.s.c.n.eureka.InstanceInfoFactory       : Setting initial instance status as: STARTING
2020-06-28 12:33:27.669  INFO 7136 --- [restartedMain] com.netflix.discovery.DiscoveryClient    : Initializing Eureka in region us-east-1
2020-06-28 12:33:27.769  INFO 7136 --- [restartedMain] c.n.d.provider.DiscoveryJerseyProvider   : Using JSON encoding codec LegacyJacksonJson
2020-06-28 12:33:27.770  INFO 7136 --- [restartedMain] c.n.d.provider.DiscoveryJerseyProvider   : Using JSON decoding codec LegacyJacksonJson
2020-06-28 12:33:27.855  INFO 7136 --- [restartedMain] c.n.d.provider.DiscoveryJerseyProvider   : Using XML encoding codec XStreamXml
2020-06-28 12:33:27.855  INFO 7136 --- [restartedMain] c.n.d.provider.DiscoveryJerseyProvider   : Using XML decoding codec XStreamXml
2020-06-28 12:33:28.112  INFO 7136 --- [restartedMain] c.n.d.s.r.aws.ConfigClusterResolver      : Resolving eureka endpoints via configuration
2020-06-28 12:33:28.535  INFO 7136 --- [restartedMain] com.netflix.discovery.DiscoveryClient    : Disable delta property : false
2020-06-28 12:33:28.535  INFO 7136 --- [restartedMain] com.netflix.discovery.DiscoveryClient    : Single vip registry refresh property : null
2020-06-28 12:33:28.535  INFO 7136 --- [restartedMain] com.netflix.discovery.DiscoveryClient    : Force full registry fetch : false
2020-06-28 12:33:28.535  INFO 7136 --- [restartedMain] com.netflix.discovery.DiscoveryClient    : Application is null : false
2020-06-28 12:33:28.535  INFO 7136 --- [restartedMain] com.netflix.discovery.DiscoveryClient    : Registered Applications size is zero : true
2020-06-28 12:33:28.535  INFO 7136 --- [restartedMain] com.netflix.discovery.DiscoveryClient    : Application version is -1: true
2020-06-28 12:33:28.536  INFO 7136 --- [restartedMain] com.netflix.discovery.DiscoveryClient    : Getting all instance registry info from the eureka server
2020-06-28 12:33:28.674  INFO 7136 --- [restartedMain] com.netflix.discovery.DiscoveryClient    : The response status is 200
2020-06-28 12:33:28.677  INFO 7136 --- [restartedMain] com.netflix.discovery.DiscoveryClient    : Starting heartbeat executor: renew interval is: 30
2020-06-28 12:33:28.678  INFO 7136 --- [restartedMain] c.n.discovery.InstanceInfoReplicator     : InstanceInfoReplicator onDemand update allowed rate per min is 4
2020-06-28 12:33:28.682  INFO 7136 --- [restartedMain] com.netflix.discovery.DiscoveryClient    : Discovery Client initialized at timestamp 1593318808681 with initial instances count: 3
2020-06-28 12:33:28.684  INFO 7136 --- [restartedMain] o.s.c.n.e.s.EurekaServiceRegistry        : Registering application BLOG-TYPE-MANAGE-SERVICE-PROVIDER with eureka with status UP
2020-06-28 12:33:28.684  INFO 7136 --- [restartedMain] com.netflix.discovery.DiscoveryClient    : Saw local status change event StatusChangeEvent [timestamp=1593318808684, current=UP, previous=STARTING]
2020-06-28 12:33:28.685  INFO 7136 --- [DiscoveryClient-InstanceInfoReplicator-0] com.netflix.discovery.DiscoveryClient    : DiscoveryClient_BLOG-TYPE-MANAGE-SERVICE-PROVIDER/192.168.179.1:8011: registering service...
2020-06-28 12:33:28.686  INFO 7136 --- [restartedMain] d.s.w.p.DocumentationPluginsBootstrapper : Context refreshed
2020-06-28 12:33:28.697  INFO 7136 --- [restartedMain] d.s.w.p.DocumentationPluginsBootstrapper : Found 1 custom documentation plugin(s)
2020-06-28 12:33:28.708  INFO 7136 --- [DiscoveryClient-InstanceInfoReplicator-0] com.netflix.discovery.DiscoveryClient    : DiscoveryClient_BLOG-TYPE-MANAGE-SERVICE-PROVIDER/192.168.179.1:8011 - registration status: 204
2020-06-28 12:33:28.727  INFO 7136 --- [restartedMain] s.d.s.w.s.ApiListingReferenceScanner     : Scanning for api listing references
2020-06-28 12:33:28.852  INFO 7136 --- [restartedMain] o.a.c.c.C.[Tomcat].[localhost].[/]       : Initializing Spring DispatcherServlet 'dispatcherServlet'
2020-06-28 12:33:28.852  INFO 7136 --- [restartedMain] o.s.web.servlet.DispatcherServlet        : Initializing Servlet 'dispatcherServlet'
2020-06-28 12:33:28.858  INFO 7136 --- [restartedMain] o.s.web.servlet.DispatcherServlet        : Completed initialization in 5 ms
2020-06-28 12:33:28.859  INFO 7136 --- [restartedMain] o.s.b.w.embedded.tomcat.TomcatWebServer  : Tomcat started on port(s): 8011 (http) with context path ''
2020-06-28 12:33:28.860  INFO 7136 --- [restartedMain] .s.c.n.e.s.EurekaAutoServiceRegistration : Updating port to 8011
2020-06-28 12:33:30.128  INFO 7136 --- [restartedMain] o.s.cloud.commons.util.InetUtils         : Cannot determine local hostname
2020-06-28 12:33:30.130  INFO 7136 --- [restartedMain] .b.BlogTypeManageProvider8011Application : Started BlogTypeManageProvider8011Application in 11.905 seconds (JVM running for 12.684)
2020-06-28 12:34:59.574  INFO 7136 --- [http-nio-8011-exec-3] com.zaxxer.hikari.HikariDataSource       : HikariPool-1 - Starting...
2020-06-28 12:34:59.735  INFO 7136 --- [http-nio-8011-exec-3] com.zaxxer.hikari.HikariDataSource       : HikariPool-1 - Start completed.
2020-06-28 12:38:28.540  INFO 7136 --- [AsyncResolver-bootstrap-executor-0] c.n.d.s.r.aws.ConfigClusterResolver      : Resolving eureka endpoints via configuration
2020-06-28 12:43:28.541  INFO 7136 --- [AsyncResolver-bootstrap-executor-0] c.n.d.s.r.aws.ConfigClusterResolver      : Resolving eureka endpoints via configuration
2020-06-28 12:45:34.617  INFO 7136 --- [Thread-1] o.s.c.n.e.s.EurekaServiceRegistry        : Unregistering application BLOG-TYPE-MANAGE-SERVICE-PROVIDER with eureka with status DOWN
2020-06-28 12:45:34.617  WARN 7136 --- [Thread-1] com.netflix.discovery.DiscoveryClient    : Saw local status change event StatusChangeEvent [timestamp=1593319534617, current=DOWN, previous=UP]
2020-06-28 12:45:34.617  INFO 7136 --- [DiscoveryClient-InstanceInfoReplicator-0] com.netflix.discovery.DiscoveryClient    : DiscoveryClient_BLOG-TYPE-MANAGE-SERVICE-PROVIDER/192.168.179.1:8011: registering service...
2020-06-28 12:45:34.622  INFO 7136 --- [DiscoveryClient-InstanceInfoReplicator-0] com.netflix.discovery.DiscoveryClient    : DiscoveryClient_BLOG-TYPE-MANAGE-SERVICE-PROVIDER/192.168.179.1:8011 - registration status: 204
2020-06-28 12:45:34.623  INFO 7136 --- [Thread-1] o.s.s.concurrent.ThreadPoolTaskExecutor  : Shutting down ExecutorService 'applicationTaskExecutor'
2020-06-28 12:45:34.625  INFO 7136 --- [Thread-1] com.netflix.discovery.DiscoveryClient    : Shutting down DiscoveryClient ...
2020-06-28 12:45:37.627  INFO 7136 --- [Thread-1] com.netflix.discovery.DiscoveryClient    : Unregistering ...
2020-06-28 12:45:37.630  INFO 7136 --- [Thread-1] com.netflix.discovery.DiscoveryClient    : DiscoveryClient_BLOG-TYPE-MANAGE-SERVICE-PROVIDER/192.168.179.1:8011 - deregister  status: 200
2020-06-28 12:45:37.636  INFO 7136 --- [Thread-1] com.netflix.discovery.DiscoveryClient    : Completed shut down of DiscoveryClient
2020-06-28 12:45:37.637  INFO 7136 --- [Thread-1] com.zaxxer.hikari.HikariDataSource       : HikariPool-1 - Shutdown initiated...
2020-06-28 12:45:37.644  INFO 7136 --- [Thread-1] com.zaxxer.hikari.HikariDataSource       : HikariPool-1 - Shutdown completed.
2020-06-28 12:45:40.593  INFO 7136 --- [restartedMain] .b.BlogTypeManageProvider8011Application : No active profile set, falling back to default profiles: default
2020-06-28 12:45:40.968  INFO 7136 --- [restartedMain] o.s.cloud.context.scope.GenericScope     : BeanFactory id=5dbbbb6a-9672-371b-b32a-9010ef00628d
2020-06-28 12:45:40.985  INFO 7136 --- [restartedMain] trationDelegate$BeanPostProcessorChecker : Bean 'org.springframework.transaction.annotation.ProxyTransactionManagementConfiguration' of type [org.springframework.transaction.annotation.ProxyTransactionManagementConfiguration] is not eligible for getting processed by all BeanPostProcessors (for example: not eligible for auto-proxying)
2020-06-28 12:45:41.017  WARN 7136 --- [restartedMain] org.apache.tomcat.util.modeler.Registry  : The MBean registry cannot be disabled because it has already been initialised
2020-06-28 12:45:41.038  INFO 7136 --- [restartedMain] o.s.b.w.embedded.tomcat.TomcatWebServer  : Tomcat initialized with port(s): 8011 (http)
2020-06-28 12:45:41.038  INFO 7136 --- [restartedMain] o.apache.catalina.core.StandardService   : Starting service [Tomcat]
2020-06-28 12:45:41.038  INFO 7136 --- [restartedMain] org.apache.catalina.core.StandardEngine  : Starting Servlet engine: [Apache Tomcat/9.0.29]
2020-06-28 12:45:41.062  INFO 7136 --- [restartedMain] o.a.c.c.C.[Tomcat].[localhost].[/]       : Initializing Spring embedded WebApplicationContext
2020-06-28 12:45:41.062  INFO 7136 --- [restartedMain] o.s.web.context.ContextLoader            : Root WebApplicationContext: initialization completed in 467 ms
2020-06-28 12:45:41.420  INFO 7136 --- [restartedMain] pertySourcedRequestMappingHandlerMapping : Mapped URL path [/v2/api-docs] onto method [springfox.documentation.swagger2.web.Swagger2Controller#getDocumentation(String, HttpServletRequest)]
2020-06-28 12:45:41.423  WARN 7136 --- [restartedMain] c.n.c.sources.URLConfigurationSource     : No URLs will be polled as dynamic configuration sources.
2020-06-28 12:45:41.423  INFO 7136 --- [restartedMain] c.n.c.sources.URLConfigurationSource     : To enable URLs as dynamic configuration sources, define System property archaius.configurationSource.additionalUrls or make config.properties available on classpath.
2020-06-28 12:45:41.459  INFO 7136 --- [restartedMain] o.s.s.concurrent.ThreadPoolTaskExecutor  : Initializing ExecutorService 'applicationTaskExecutor'
2020-06-28 12:45:41.475  WARN 7136 --- [restartedMain] o.s.b.d.a.OptionalLiveReloadServer       : Unable to start LiveReload server
2020-06-28 12:45:42.853  INFO 7136 --- [restartedMain] o.s.cloud.commons.util.InetUtils         : Cannot determine local hostname
2020-06-28 12:45:44.132  INFO 7136 --- [restartedMain] o.s.cloud.commons.util.InetUtils         : Cannot determine local hostname
2020-06-28 12:45:45.461  INFO 7136 --- [restartedMain] o.s.cloud.commons.util.InetUtils         : Cannot determine local hostname
2020-06-28 12:45:45.468  WARN 7136 --- [restartedMain] ockingLoadBalancerClientRibbonWarnLogger : You already have RibbonLoadBalancerClient on your classpath. It will be used by default. As Spring Cloud Ribbon is in maintenance mode. We recommend switching to BlockingLoadBalancerClient instead. In order to use it, set the value of `spring.cloud.loadbalancer.ribbon.enabled` to `false` or remove spring-cloud-starter-netflix-ribbon from your project.
2020-06-28 12:45:45.492  INFO 7136 --- [restartedMain] o.s.c.n.eureka.InstanceInfoFactory       : Setting initial instance status as: STARTING
2020-06-28 12:45:45.493  INFO 7136 --- [restartedMain] com.netflix.discovery.DiscoveryClient    : Initializing Eureka in region us-east-1
2020-06-28 12:45:45.495  INFO 7136 --- [restartedMain] c.n.d.provider.DiscoveryJerseyProvider   : Using JSON encoding codec LegacyJacksonJson
2020-06-28 12:45:45.495  INFO 7136 --- [restartedMain] c.n.d.provider.DiscoveryJerseyProvider   : Using JSON decoding codec LegacyJacksonJson
2020-06-28 12:45:45.495  INFO 7136 --- [restartedMain] c.n.d.provider.DiscoveryJerseyProvider   : Using XML encoding codec XStreamXml
2020-06-28 12:45:45.495  INFO 7136 --- [restartedMain] c.n.d.provider.DiscoveryJerseyProvider   : Using XML decoding codec XStreamXml
2020-06-28 12:45:45.516  INFO 7136 --- [restartedMain] c.n.d.s.r.aws.ConfigClusterResolver      : Resolving eureka endpoints via configuration
2020-06-28 12:45:45.518  INFO 7136 --- [restartedMain] com.netflix.discovery.DiscoveryClient    : Disable delta property : false
2020-06-28 12:45:45.518  INFO 7136 --- [restartedMain] com.netflix.discovery.DiscoveryClient    : Single vip registry refresh property : null
2020-06-28 12:45:45.518  INFO 7136 --- [restartedMain] com.netflix.discovery.DiscoveryClient    : Force full registry fetch : false
2020-06-28 12:45:45.518  INFO 7136 --- [restartedMain] com.netflix.discovery.DiscoveryClient    : Application is null : false
2020-06-28 12:45:45.518  INFO 7136 --- [restartedMain] com.netflix.discovery.DiscoveryClient    : Registered Applications size is zero : true
2020-06-28 12:45:45.518  INFO 7136 --- [restartedMain] com.netflix.discovery.DiscoveryClient    : Application version is -1: true
2020-06-28 12:45:45.518  INFO 7136 --- [restartedMain] com.netflix.discovery.DiscoveryClient    : Getting all instance registry info from the eureka server
2020-06-28 12:45:45.522  INFO 7136 --- [restartedMain] com.netflix.discovery.DiscoveryClient    : The response status is 200
2020-06-28 12:45:45.523  INFO 7136 --- [restartedMain] com.netflix.discovery.DiscoveryClient    : Starting heartbeat executor: renew interval is: 30
2020-06-28 12:45:45.523  INFO 7136 --- [restartedMain] c.n.discovery.InstanceInfoReplicator     : InstanceInfoReplicator onDemand update allowed rate per min is 4
2020-06-28 12:45:45.524  INFO 7136 --- [restartedMain] com.netflix.discovery.DiscoveryClient    : Discovery Client initialized at timestamp 1593319545524 with initial instances count: 3
2020-06-28 12:45:45.524  INFO 7136 --- [restartedMain] o.s.c.n.e.s.EurekaServiceRegistry        : Registering application BLOG-TYPE-MANAGE-SERVICE-PROVIDER with eureka with status UP
2020-06-28 12:45:45.524  INFO 7136 --- [restartedMain] com.netflix.discovery.DiscoveryClient    : Saw local status change event StatusChangeEvent [timestamp=1593319545524, current=UP, previous=STARTING]
2020-06-28 12:45:45.525  INFO 7136 --- [DiscoveryClient-InstanceInfoReplicator-0] com.netflix.discovery.DiscoveryClient    : DiscoveryClient_BLOG-TYPE-MANAGE-SERVICE-PROVIDER/192.168.179.1:8011: registering service...
2020-06-28 12:45:45.525  INFO 7136 --- [restartedMain] d.s.w.p.DocumentationPluginsBootstrapper : Context refreshed
2020-06-28 12:45:45.526  INFO 7136 --- [restartedMain] d.s.w.p.DocumentationPluginsBootstrapper : Found 1 custom documentation plugin(s)
2020-06-28 12:45:45.529  INFO 7136 --- [DiscoveryClient-InstanceInfoReplicator-0] com.netflix.discovery.DiscoveryClient    : DiscoveryClient_BLOG-TYPE-MANAGE-SERVICE-PROVIDER/192.168.179.1:8011 - registration status: 204
2020-06-28 12:45:45.531  INFO 7136 --- [restartedMain] s.d.s.w.s.ApiListingReferenceScanner     : Scanning for api listing references
2020-06-28 12:45:45.582  INFO 7136 --- [restartedMain] o.a.c.c.C.[Tomcat].[localhost].[/]       : Initializing Spring DispatcherServlet 'dispatcherServlet'
2020-06-28 12:45:45.582  INFO 7136 --- [restartedMain] o.s.web.servlet.DispatcherServlet        : Initializing Servlet 'dispatcherServlet'
2020-06-28 12:45:45.583  INFO 7136 --- [restartedMain] o.s.web.servlet.DispatcherServlet        : Completed initialization in 1 ms
2020-06-28 12:45:45.584  INFO 7136 --- [restartedMain] o.s.b.w.embedded.tomcat.TomcatWebServer  : Tomcat started on port(s): 8011 (http) with context path ''
2020-06-28 12:45:45.584  INFO 7136 --- [restartedMain] .s.c.n.e.s.EurekaAutoServiceRegistration : Updating port to 8011
2020-06-28 12:45:46.630  INFO 7136 --- [http-nio-8011-exec-1] com.zaxxer.hikari.HikariDataSource       : HikariPool-2 - Starting...
2020-06-28 12:45:46.634  INFO 7136 --- [http-nio-8011-exec-1] com.zaxxer.hikari.HikariDataSource       : HikariPool-2 - Start completed.
2020-06-28 12:45:46.920  INFO 7136 --- [restartedMain] o.s.cloud.commons.util.InetUtils         : Cannot determine local hostname
2020-06-28 12:45:46.920  INFO 7136 --- [restartedMain] .b.BlogTypeManageProvider8011Application : Started BlogTypeManageProvider8011Application in 9.013 seconds (JVM running for 749.475)
2020-06-28 12:45:46.922  INFO 7136 --- [restartedMain] .ConditionEvaluationDeltaLoggingListener : Condition evaluation unchanged
2020-06-28 12:50:45.519  INFO 7136 --- [AsyncResolver-bootstrap-executor-0] c.n.d.s.r.aws.ConfigClusterResolver      : Resolving eureka endpoints via configuration
2020-06-28 12:55:45.520  INFO 7136 --- [AsyncResolver-bootstrap-executor-0] c.n.d.s.r.aws.ConfigClusterResolver      : Resolving eureka endpoints via configuration
2020-06-28 13:00:45.521  INFO 7136 --- [AsyncResolver-bootstrap-executor-0] c.n.d.s.r.aws.ConfigClusterResolver      : Resolving eureka endpoints via configuration
2020-06-28 13:05:45.522  INFO 7136 --- [AsyncResolver-bootstrap-executor-0] c.n.d.s.r.aws.ConfigClusterResolver      : Resolving eureka endpoints via configuration
2020-06-28 13:10:45.523  INFO 7136 --- [AsyncResolver-bootstrap-executor-0] c.n.d.s.r.aws.ConfigClusterResolver      : Resolving eureka endpoints via configuration
2020-06-28 13:15:45.524  INFO 7136 --- [AsyncResolver-bootstrap-executor-0] c.n.d.s.r.aws.ConfigClusterResolver      : Resolving eureka endpoints via configuration
2020-06-28 13:20:45.526  INFO 7136 --- [AsyncResolver-bootstrap-executor-0] c.n.d.s.r.aws.ConfigClusterResolver      : Resolving eureka endpoints via configuration
2020-06-28 13:25:45.526  INFO 7136 --- [AsyncResolver-bootstrap-executor-0] c.n.d.s.r.aws.ConfigClusterResolver      : Resolving eureka endpoints via configuration
2020-06-28 13:30:45.527  INFO 7136 --- [AsyncResolver-bootstrap-executor-0] c.n.d.s.r.aws.ConfigClusterResolver      : Resolving eureka endpoints via configuration
2020-06-28 13:35:45.528  INFO 7136 --- [AsyncResolver-bootstrap-executor-0] c.n.d.s.r.aws.ConfigClusterResolver      : Resolving eureka endpoints via configuration
2020-06-28 13:39:50.733  INFO 12152 --- [restartedMain] .b.BlogTypeManageProvider8011Application : No active profile set, falling back to default profiles: default
2020-06-28 13:39:51.443  INFO 12152 --- [restartedMain] o.s.cloud.context.scope.GenericScope     : BeanFactory id=5dbbbb6a-9672-371b-b32a-9010ef00628d
2020-06-28 13:39:51.726  INFO 12152 --- [restartedMain] trationDelegate$BeanPostProcessorChecker : Bean 'org.springframework.transaction.annotation.ProxyTransactionManagementConfiguration' of type [org.springframework.transaction.annotation.ProxyTransactionManagementConfiguration] is not eligible for getting processed by all BeanPostProcessors (for example: not eligible for auto-proxying)
2020-06-28 13:39:52.034  INFO 12152 --- [restartedMain] o.s.b.w.embedded.tomcat.TomcatWebServer  : Tomcat initialized with port(s): 8011 (http)
2020-06-28 13:39:52.041  INFO 12152 --- [restartedMain] o.apache.catalina.core.StandardService   : Starting service [Tomcat]
2020-06-28 13:39:52.041  INFO 12152 --- [restartedMain] org.apache.catalina.core.StandardEngine  : Starting Servlet engine: [Apache Tomcat/9.0.29]
2020-06-28 13:39:52.113  INFO 12152 --- [restartedMain] o.a.c.c.C.[Tomcat].[localhost].[/]       : Initializing Spring embedded WebApplicationContext
2020-06-28 13:39:52.113  INFO 12152 --- [restartedMain] o.s.web.context.ContextLoader            : Root WebApplicationContext: initialization completed in 1370 ms
2020-06-28 13:39:52.875  INFO 12152 --- [restartedMain] pertySourcedRequestMappingHandlerMapping : Mapped URL path [/v2/api-docs] onto method [springfox.documentation.swagger2.web.Swagger2Controller#getDocumentation(String, HttpServletRequest)]
2020-06-28 13:39:52.881  WARN 12152 --- [restartedMain] c.n.c.sources.URLConfigurationSource     : No URLs will be polled as dynamic configuration sources.
2020-06-28 13:39:52.881  INFO 12152 --- [restartedMain] c.n.c.sources.URLConfigurationSource     : To enable URLs as dynamic configuration sources, define System property archaius.configurationSource.additionalUrls or make config.properties available on classpath.
2020-06-28 13:39:52.883  WARN 12152 --- [restartedMain] c.n.c.sources.URLConfigurationSource     : No URLs will be polled as dynamic configuration sources.
2020-06-28 13:39:52.883  INFO 12152 --- [restartedMain] c.n.c.sources.URLConfigurationSource     : To enable URLs as dynamic configuration sources, define System property archaius.configurationSource.additionalUrls or make config.properties available on classpath.
2020-06-28 13:39:52.946  INFO 12152 --- [restartedMain] o.s.s.concurrent.ThreadPoolTaskExecutor  : Initializing ExecutorService 'applicationTaskExecutor'
2020-06-28 13:39:52.975  WARN 12152 --- [restartedMain] o.s.b.d.a.OptionalLiveReloadServer       : Unable to start LiveReload server
2020-06-28 13:39:54.412  INFO 12152 --- [restartedMain] o.s.cloud.commons.util.InetUtils         : Cannot determine local hostname
2020-06-28 13:39:55.669  INFO 12152 --- [restartedMain] o.s.cloud.commons.util.InetUtils         : Cannot determine local hostname
2020-06-28 13:39:56.928  INFO 12152 --- [restartedMain] o.s.cloud.commons.util.InetUtils         : Cannot determine local hostname
2020-06-28 13:39:56.947  WARN 12152 --- [restartedMain] ockingLoadBalancerClientRibbonWarnLogger : You already have RibbonLoadBalancerClient on your classpath. It will be used by default. As Spring Cloud Ribbon is in maintenance mode. We recommend switching to BlockingLoadBalancerClient instead. In order to use it, set the value of `spring.cloud.loadbalancer.ribbon.enabled` to `false` or remove spring-cloud-starter-netflix-ribbon from your project.
2020-06-28 13:39:57.021  INFO 12152 --- [restartedMain] o.s.c.n.eureka.InstanceInfoFactory       : Setting initial instance status as: STARTING
2020-06-28 13:39:57.041  INFO 12152 --- [restartedMain] com.netflix.discovery.DiscoveryClient    : Initializing Eureka in region us-east-1
2020-06-28 13:39:57.129  INFO 12152 --- [restartedMain] c.n.d.provider.DiscoveryJerseyProvider   : Using JSON encoding codec LegacyJacksonJson
2020-06-28 13:39:57.129  INFO 12152 --- [restartedMain] c.n.d.provider.DiscoveryJerseyProvider   : Using JSON decoding codec LegacyJacksonJson
2020-06-28 13:39:57.214  INFO 12152 --- [restartedMain] c.n.d.provider.DiscoveryJerseyProvider   : Using XML encoding codec XStreamXml
2020-06-28 13:39:57.214  INFO 12152 --- [restartedMain] c.n.d.provider.DiscoveryJerseyProvider   : Using XML decoding codec XStreamXml
2020-06-28 13:39:57.310  INFO 12152 --- [restartedMain] c.n.d.s.r.aws.ConfigClusterResolver      : Resolving eureka endpoints via configuration
2020-06-28 13:39:57.478  INFO 12152 --- [restartedMain] com.netflix.discovery.DiscoveryClient    : Disable delta property : false
2020-06-28 13:39:57.478  INFO 12152 --- [restartedMain] com.netflix.discovery.DiscoveryClient    : Single vip registry refresh property : null
2020-06-28 13:39:57.478  INFO 12152 --- [restartedMain] com.netflix.discovery.DiscoveryClient    : Force full registry fetch : false
2020-06-28 13:39:57.478  INFO 12152 --- [restartedMain] com.netflix.discovery.DiscoveryClient    : Application is null : false
2020-06-28 13:39:57.478  INFO 12152 --- [restartedMain] com.netflix.discovery.DiscoveryClient    : Registered Applications size is zero : true
2020-06-28 13:39:57.478  INFO 12152 --- [restartedMain] com.netflix.discovery.DiscoveryClient    : Application version is -1: true
2020-06-28 13:39:57.478  INFO 12152 --- [restartedMain] com.netflix.discovery.DiscoveryClient    : Getting all instance registry info from the eureka server
2020-06-28 13:39:57.578  INFO 12152 --- [restartedMain] com.netflix.discovery.DiscoveryClient    : The response status is 200
2020-06-28 13:39:57.580  INFO 12152 --- [restartedMain] com.netflix.discovery.DiscoveryClient    : Starting heartbeat executor: renew interval is: 30
2020-06-28 13:39:57.581  INFO 12152 --- [restartedMain] c.n.discovery.InstanceInfoReplicator     : InstanceInfoReplicator onDemand update allowed rate per min is 4
2020-06-28 13:39:57.584  INFO 12152 --- [restartedMain] com.netflix.discovery.DiscoveryClient    : Discovery Client initialized at timestamp 1593322797583 with initial instances count: 3
2020-06-28 13:39:57.585  INFO 12152 --- [restartedMain] o.s.c.n.e.s.EurekaServiceRegistry        : Registering application BLOG-TYPE-MANAGE-SERVICE-PROVIDER with eureka with status UP
2020-06-28 13:39:57.585  INFO 12152 --- [restartedMain] com.netflix.discovery.DiscoveryClient    : Saw local status change event StatusChangeEvent [timestamp=1593322797585, current=UP, previous=STARTING]
2020-06-28 13:39:57.587  INFO 12152 --- [restartedMain] d.s.w.p.DocumentationPluginsBootstrapper : Context refreshed
2020-06-28 13:39:57.587  INFO 12152 --- [DiscoveryClient-InstanceInfoReplicator-0] com.netflix.discovery.DiscoveryClient    : DiscoveryClient_BLOG-TYPE-MANAGE-SERVICE-PROVIDER/192.168.179.1:8011: registering service...
2020-06-28 13:39:57.598  INFO 12152 --- [restartedMain] d.s.w.p.DocumentationPluginsBootstrapper : Found 1 custom documentation plugin(s)
2020-06-28 13:39:57.608  INFO 12152 --- [DiscoveryClient-InstanceInfoReplicator-0] com.netflix.discovery.DiscoveryClient    : DiscoveryClient_BLOG-TYPE-MANAGE-SERVICE-PROVIDER/192.168.179.1:8011 - registration status: 204
2020-06-28 13:39:57.629  INFO 12152 --- [restartedMain] s.d.s.w.s.ApiListingReferenceScanner     : Scanning for api listing references
2020-06-28 13:39:57.752  INFO 12152 --- [restartedMain] o.a.c.c.C.[Tomcat].[localhost].[/]       : Initializing Spring DispatcherServlet 'dispatcherServlet'
2020-06-28 13:39:57.752  INFO 12152 --- [restartedMain] o.s.web.servlet.DispatcherServlet        : Initializing Servlet 'dispatcherServlet'
2020-06-28 13:39:57.757  INFO 12152 --- [restartedMain] o.s.web.servlet.DispatcherServlet        : Completed initialization in 4 ms
2020-06-28 13:39:57.758  INFO 12152 --- [restartedMain] o.s.b.w.embedded.tomcat.TomcatWebServer  : Tomcat started on port(s): 8011 (http) with context path ''
2020-06-28 13:39:57.759  INFO 12152 --- [restartedMain] .s.c.n.e.s.EurekaAutoServiceRegistration : Updating port to 8011
2020-06-28 13:39:59.009  INFO 12152 --- [restartedMain] o.s.cloud.commons.util.InetUtils         : Cannot determine local hostname
2020-06-28 13:39:59.034  INFO 12152 --- [restartedMain] .b.BlogTypeManageProvider8011Application : Started BlogTypeManageProvider8011Application in 11.232 seconds (JVM running for 12.891)
2020-06-28 13:40:06.364  INFO 12152 --- [SpringContextShutdownHook] o.s.c.n.e.s.EurekaServiceRegistry        : Unregistering application BLOG-TYPE-MANAGE-SERVICE-PROVIDER with eureka with status DOWN
2020-06-28 13:40:06.365  WARN 12152 --- [SpringContextShutdownHook] com.netflix.discovery.DiscoveryClient    : Saw local status change event StatusChangeEvent [timestamp=1593322806365, current=DOWN, previous=UP]
2020-06-28 13:40:06.365  INFO 12152 --- [DiscoveryClient-InstanceInfoReplicator-0] com.netflix.discovery.DiscoveryClient    : DiscoveryClient_BLOG-TYPE-MANAGE-SERVICE-PROVIDER/192.168.179.1:8011: registering service...
2020-06-28 13:40:06.369  INFO 12152 --- [DiscoveryClient-InstanceInfoReplicator-0] com.netflix.discovery.DiscoveryClient    : DiscoveryClient_BLOG-TYPE-MANAGE-SERVICE-PROVIDER/192.168.179.1:8011 - registration status: 204
2020-06-28 13:40:06.406  INFO 12152 --- [SpringContextShutdownHook] o.s.s.concurrent.ThreadPoolTaskExecutor  : Shutting down ExecutorService 'applicationTaskExecutor'
2020-06-28 13:40:06.408  INFO 12152 --- [SpringContextShutdownHook] com.netflix.discovery.DiscoveryClient    : Shutting down DiscoveryClient ...
2020-06-28 13:40:09.409  INFO 12152 --- [SpringContextShutdownHook] com.netflix.discovery.DiscoveryClient    : Unregistering ...
2020-06-28 13:40:09.503  INFO 12152 --- [SpringContextShutdownHook] com.netflix.discovery.DiscoveryClient    : DiscoveryClient_BLOG-TYPE-MANAGE-SERVICE-PROVIDER/192.168.179.1:8011 - deregister  status: 200
2020-06-28 13:40:09.512  INFO 12152 --- [SpringContextShutdownHook] com.netflix.discovery.DiscoveryClient    : Completed shut down of DiscoveryClient
2020-06-28 13:40:16.324  INFO 13636 --- [restartedMain] .b.BlogTypeManageProvider8011Application : No active profile set, falling back to default profiles: default
2020-06-28 13:40:17.096  INFO 13636 --- [restartedMain] o.s.cloud.context.scope.GenericScope     : BeanFactory id=5dbbbb6a-9672-371b-b32a-9010ef00628d
2020-06-28 13:40:17.181  INFO 13636 --- [restartedMain] trationDelegate$BeanPostProcessorChecker : Bean 'org.springframework.transaction.annotation.ProxyTransactionManagementConfiguration' of type [org.springframework.transaction.annotation.ProxyTransactionManagementConfiguration] is not eligible for getting processed by all BeanPostProcessors (for example: not eligible for auto-proxying)
2020-06-28 13:40:17.521  INFO 13636 --- [restartedMain] o.s.b.w.embedded.tomcat.TomcatWebServer  : Tomcat initialized with port(s): 8011 (http)
2020-06-28 13:40:17.528  INFO 13636 --- [restartedMain] o.apache.catalina.core.StandardService   : Starting service [Tomcat]
2020-06-28 13:40:17.528  INFO 13636 --- [restartedMain] org.apache.catalina.core.StandardEngine  : Starting Servlet engine: [Apache Tomcat/9.0.29]
2020-06-28 13:40:17.606  INFO 13636 --- [restartedMain] o.a.c.c.C.[Tomcat].[localhost].[/]       : Initializing Spring embedded WebApplicationContext
2020-06-28 13:40:17.607  INFO 13636 --- [restartedMain] o.s.web.context.ContextLoader            : Root WebApplicationContext: initialization completed in 1264 ms
2020-06-28 13:40:18.380  INFO 13636 --- [restartedMain] pertySourcedRequestMappingHandlerMapping : Mapped URL path [/v2/api-docs] onto method [springfox.documentation.swagger2.web.Swagger2Controller#getDocumentation(String, HttpServletRequest)]
2020-06-28 13:40:18.386  WARN 13636 --- [restartedMain] c.n.c.sources.URLConfigurationSource     : No URLs will be polled as dynamic configuration sources.
2020-06-28 13:40:18.386  INFO 13636 --- [restartedMain] c.n.c.sources.URLConfigurationSource     : To enable URLs as dynamic configuration sources, define System property archaius.configurationSource.additionalUrls or make config.properties available on classpath.
2020-06-28 13:40:18.388  WARN 13636 --- [restartedMain] c.n.c.sources.URLConfigurationSource     : No URLs will be polled as dynamic configuration sources.
2020-06-28 13:40:18.388  INFO 13636 --- [restartedMain] c.n.c.sources.URLConfigurationSource     : To enable URLs as dynamic configuration sources, define System property archaius.configurationSource.additionalUrls or make config.properties available on classpath.
2020-06-28 13:40:18.451  INFO 13636 --- [restartedMain] o.s.s.concurrent.ThreadPoolTaskExecutor  : Initializing ExecutorService 'applicationTaskExecutor'
2020-06-28 13:40:18.479  WARN 13636 --- [restartedMain] o.s.b.d.a.OptionalLiveReloadServer       : Unable to start LiveReload server
2020-06-28 13:40:19.939  INFO 13636 --- [restartedMain] o.s.cloud.commons.util.InetUtils         : Cannot determine local hostname
2020-06-28 13:40:21.263  INFO 13636 --- [restartedMain] o.s.cloud.commons.util.InetUtils         : Cannot determine local hostname
2020-06-28 13:40:22.524  INFO 13636 --- [restartedMain] o.s.cloud.commons.util.InetUtils         : Cannot determine local hostname
2020-06-28 13:40:22.542  WARN 13636 --- [restartedMain] ockingLoadBalancerClientRibbonWarnLogger : You already have RibbonLoadBalancerClient on your classpath. It will be used by default. As Spring Cloud Ribbon is in maintenance mode. We recommend switching to BlockingLoadBalancerClient instead. In order to use it, set the value of `spring.cloud.loadbalancer.ribbon.enabled` to `false` or remove spring-cloud-starter-netflix-ribbon from your project.
2020-06-28 13:40:22.642  INFO 13636 --- [restartedMain] o.s.c.n.eureka.InstanceInfoFactory       : Setting initial instance status as: STARTING
2020-06-28 13:40:22.664  INFO 13636 --- [restartedMain] com.netflix.discovery.DiscoveryClient    : Initializing Eureka in region us-east-1
2020-06-28 13:40:22.773  INFO 13636 --- [restartedMain] c.n.d.provider.DiscoveryJerseyProvider   : Using JSON encoding codec LegacyJacksonJson
2020-06-28 13:40:22.773  INFO 13636 --- [restartedMain] c.n.d.provider.DiscoveryJerseyProvider   : Using JSON decoding codec LegacyJacksonJson
2020-06-28 13:40:22.862  INFO 13636 --- [restartedMain] c.n.d.provider.DiscoveryJerseyProvider   : Using XML encoding codec XStreamXml
2020-06-28 13:40:22.862  INFO 13636 --- [restartedMain] c.n.d.provider.DiscoveryJerseyProvider   : Using XML decoding codec XStreamXml
2020-06-28 13:40:22.979  INFO 13636 --- [restartedMain] c.n.d.s.r.aws.ConfigClusterResolver      : Resolving eureka endpoints via configuration
2020-06-28 13:40:23.213  INFO 13636 --- [restartedMain] com.netflix.discovery.DiscoveryClient    : Disable delta property : false
2020-06-28 13:40:23.213  INFO 13636 --- [restartedMain] com.netflix.discovery.DiscoveryClient    : Single vip registry refresh property : null
2020-06-28 13:40:23.213  INFO 13636 --- [restartedMain] com.netflix.discovery.DiscoveryClient    : Force full registry fetch : false
2020-06-28 13:40:23.213  INFO 13636 --- [restartedMain] com.netflix.discovery.DiscoveryClient    : Application is null : false
2020-06-28 13:40:23.213  INFO 13636 --- [restartedMain] com.netflix.discovery.DiscoveryClient    : Registered Applications size is zero : true
2020-06-28 13:40:23.213  INFO 13636 --- [restartedMain] com.netflix.discovery.DiscoveryClient    : Application version is -1: true
2020-06-28 13:40:23.213  INFO 13636 --- [restartedMain] com.netflix.discovery.DiscoveryClient    : Getting all instance registry info from the eureka server
2020-06-28 13:40:23.304  INFO 13636 --- [restartedMain] com.netflix.discovery.DiscoveryClient    : The response status is 200
2020-06-28 13:40:23.306  INFO 13636 --- [restartedMain] com.netflix.discovery.DiscoveryClient    : Starting heartbeat executor: renew interval is: 30
2020-06-28 13:40:23.307  INFO 13636 --- [restartedMain] c.n.discovery.InstanceInfoReplicator     : InstanceInfoReplicator onDemand update allowed rate per min is 4
2020-06-28 13:40:23.310  INFO 13636 --- [restartedMain] com.netflix.discovery.DiscoveryClient    : Discovery Client initialized at timestamp 1593322823309 with initial instances count: 3
2020-06-28 13:40:23.311  INFO 13636 --- [restartedMain] o.s.c.n.e.s.EurekaServiceRegistry        : Registering application BLOG-TYPE-MANAGE-SERVICE-PROVIDER with eureka with status UP
2020-06-28 13:40:23.311  INFO 13636 --- [restartedMain] com.netflix.discovery.DiscoveryClient    : Saw local status change event StatusChangeEvent [timestamp=1593322823311, current=UP, previous=STARTING]
2020-06-28 13:40:23.313  INFO 13636 --- [DiscoveryClient-InstanceInfoReplicator-0] com.netflix.discovery.DiscoveryClient    : DiscoveryClient_BLOG-TYPE-MANAGE-SERVICE-PROVIDER/192.168.179.1:8011: registering service...
2020-06-28 13:40:23.313  INFO 13636 --- [restartedMain] d.s.w.p.DocumentationPluginsBootstrapper : Context refreshed
2020-06-28 13:40:23.324  INFO 13636 --- [restartedMain] d.s.w.p.DocumentationPluginsBootstrapper : Found 1 custom documentation plugin(s)
2020-06-28 13:40:23.334  INFO 13636 --- [DiscoveryClient-InstanceInfoReplicator-0] com.netflix.discovery.DiscoveryClient    : DiscoveryClient_BLOG-TYPE-MANAGE-SERVICE-PROVIDER/192.168.179.1:8011 - registration status: 204
2020-06-28 13:40:23.353  INFO 13636 --- [restartedMain] s.d.s.w.s.ApiListingReferenceScanner     : Scanning for api listing references
2020-06-28 13:40:23.486  INFO 13636 --- [restartedMain] o.a.c.c.C.[Tomcat].[localhost].[/]       : Initializing Spring DispatcherServlet 'dispatcherServlet'
2020-06-28 13:40:23.486  INFO 13636 --- [restartedMain] o.s.web.servlet.DispatcherServlet        : Initializing Servlet 'dispatcherServlet'
2020-06-28 13:40:23.492  INFO 13636 --- [restartedMain] o.s.web.servlet.DispatcherServlet        : Completed initialization in 6 ms
2020-06-28 13:40:23.493  INFO 13636 --- [restartedMain] o.s.b.w.embedded.tomcat.TomcatWebServer  : Tomcat started on port(s): 8011 (http) with context path ''
2020-06-28 13:40:23.494  INFO 13636 --- [restartedMain] .s.c.n.e.s.EurekaAutoServiceRegistration : Updating port to 8011
2020-06-28 13:40:24.741  INFO 13636 --- [restartedMain] o.s.cloud.commons.util.InetUtils         : Cannot determine local hostname
2020-06-28 13:40:24.743  INFO 13636 --- [restartedMain] .b.BlogTypeManageProvider8011Application : Started BlogTypeManageProvider8011Application in 11.748 seconds (JVM running for 12.751)
2020-06-28 13:41:10.939  INFO 13636 --- [http-nio-8011-exec-1] com.zaxxer.hikari.HikariDataSource       : HikariPool-1 - Starting...
2020-06-28 13:41:12.334  INFO 13636 --- [http-nio-8011-exec-1] com.zaxxer.hikari.HikariDataSource       : HikariPool-1 - Start completed.
2020-06-28 13:47:05.464  WARN 13636 --- [HikariPool-1 housekeeper] com.zaxxer.hikari.pool.HikariPool        : HikariPool-1 - Thread starvation or clock leap detected (housekeeper delta=5m53s28ms424s457ns).
2020-06-28 13:47:05.466  INFO 13636 --- [AsyncResolver-bootstrap-executor-0] c.n.d.s.r.aws.ConfigClusterResolver      : Resolving eureka endpoints via configuration
2020-06-28 13:47:05.502  INFO 13636 --- [SpringContextShutdownHook] o.s.c.n.e.s.EurekaServiceRegistry        : Unregistering application BLOG-TYPE-MANAGE-SERVICE-PROVIDER with eureka with status DOWN
2020-06-28 13:47:05.502  WARN 13636 --- [SpringContextShutdownHook] com.netflix.discovery.DiscoveryClient    : Saw local status change event StatusChangeEvent [timestamp=1593323225502, current=DOWN, previous=UP]
2020-06-28 13:47:05.503  INFO 13636 --- [DiscoveryClient-InstanceInfoReplicator-0] com.netflix.discovery.DiscoveryClient    : DiscoveryClient_BLOG-TYPE-MANAGE-SERVICE-PROVIDER/192.168.179.1:8011: registering service...
2020-06-28 13:47:05.512  INFO 13636 --- [DiscoveryClient-InstanceInfoReplicator-0] com.netflix.discovery.DiscoveryClient    : DiscoveryClient_BLOG-TYPE-MANAGE-SERVICE-PROVIDER/192.168.179.1:8011 - registration status: 204
2020-06-28 13:47:05.534  INFO 13636 --- [SpringContextShutdownHook] o.s.s.concurrent.ThreadPoolTaskExecutor  : Shutting down ExecutorService 'applicationTaskExecutor'
2020-06-28 13:47:05.538  INFO 13636 --- [SpringContextShutdownHook] com.netflix.discovery.DiscoveryClient    : Shutting down DiscoveryClient ...
2020-06-28 13:47:08.540  INFO 13636 --- [SpringContextShutdownHook] com.netflix.discovery.DiscoveryClient    : Unregistering ...
2020-06-28 13:47:08.546  INFO 13636 --- [SpringContextShutdownHook] com.netflix.discovery.DiscoveryClient    : DiscoveryClient_BLOG-TYPE-MANAGE-SERVICE-PROVIDER/192.168.179.1:8011 - deregister  status: 200
2020-06-28 13:47:08.556  INFO 13636 --- [SpringContextShutdownHook] com.netflix.discovery.DiscoveryClient    : Completed shut down of DiscoveryClient
2020-06-28 13:47:08.557  INFO 13636 --- [SpringContextShutdownHook] com.zaxxer.hikari.HikariDataSource       : HikariPool-1 - Shutdown initiated...
2020-06-28 13:47:08.562  INFO 13636 --- [SpringContextShutdownHook] com.zaxxer.hikari.HikariDataSource       : HikariPool-1 - Shutdown completed.
2020-06-28 13:47:18.891  INFO 14324 --- [restartedMain] .b.BlogTypeManageProvider8011Application : No active profile set, falling back to default profiles: default
2020-06-28 13:47:19.558  INFO 14324 --- [restartedMain] o.s.cloud.context.scope.GenericScope     : BeanFactory id=71c56bd6-4fbb-33ef-bcd4-f5082f3f0d65
2020-06-28 13:47:19.631  INFO 14324 --- [restartedMain] trationDelegate$BeanPostProcessorChecker : Bean 'org.springframework.transaction.annotation.ProxyTransactionManagementConfiguration' of type [org.springframework.transaction.annotation.ProxyTransactionManagementConfiguration] is not eligible for getting processed by all BeanPostProcessors (for example: not eligible for auto-proxying)
2020-06-28 13:47:19.922  INFO 14324 --- [restartedMain] o.s.b.w.embedded.tomcat.TomcatWebServer  : Tomcat initialized with port(s): 8011 (http)
2020-06-28 13:47:19.928  INFO 14324 --- [restartedMain] o.apache.catalina.core.StandardService   : Starting service [Tomcat]
2020-06-28 13:47:19.928  INFO 14324 --- [restartedMain] org.apache.catalina.core.StandardEngine  : Starting Servlet engine: [Apache Tomcat/9.0.29]
2020-06-28 13:47:20.005  INFO 14324 --- [restartedMain] o.a.c.c.C.[Tomcat].[localhost].[/]       : Initializing Spring embedded WebApplicationContext
2020-06-28 13:47:20.006  INFO 14324 --- [restartedMain] o.s.web.context.ContextLoader            : Root WebApplicationContext: initialization completed in 1105 ms
2020-06-28 13:47:20.835  INFO 14324 --- [restartedMain] pertySourcedRequestMappingHandlerMapping : Mapped URL path [/v2/api-docs] onto method [springfox.documentation.swagger2.web.Swagger2Controller#getDocumentation(String, HttpServletRequest)]
2020-06-28 13:47:20.847  WARN 14324 --- [restartedMain] c.n.c.sources.URLConfigurationSource     : No URLs will be polled as dynamic configuration sources.
2020-06-28 13:47:20.847  INFO 14324 --- [restartedMain] c.n.c.sources.URLConfigurationSource     : To enable URLs as dynamic configuration sources, define System property archaius.configurationSource.additionalUrls or make config.properties available on classpath.
2020-06-28 13:47:20.850  WARN 14324 --- [restartedMain] c.n.c.sources.URLConfigurationSource     : No URLs will be polled as dynamic configuration sources.
2020-06-28 13:47:20.851  INFO 14324 --- [restartedMain] c.n.c.sources.URLConfigurationSource     : To enable URLs as dynamic configuration sources, define System property archaius.configurationSource.additionalUrls or make config.properties available on classpath.
2020-06-28 13:47:20.933  INFO 14324 --- [restartedMain] o.s.s.concurrent.ThreadPoolTaskExecutor  : Initializing ExecutorService 'applicationTaskExecutor'
2020-06-28 13:47:20.965  WARN 14324 --- [restartedMain] o.s.b.d.a.OptionalLiveReloadServer       : Unable to start LiveReload server
2020-06-28 13:47:22.492  INFO 14324 --- [restartedMain] o.s.cloud.commons.util.InetUtils         : Cannot determine local hostname
2020-06-28 13:47:23.765  INFO 14324 --- [restartedMain] o.s.cloud.commons.util.InetUtils         : Cannot determine local hostname
2020-06-28 13:47:25.037  INFO 14324 --- [restartedMain] o.s.cloud.commons.util.InetUtils         : Cannot determine local hostname
2020-06-28 13:47:25.055  WARN 14324 --- [restartedMain] ockingLoadBalancerClientRibbonWarnLogger : You already have RibbonLoadBalancerClient on your classpath. It will be used by default. As Spring Cloud Ribbon is in maintenance mode. We recommend switching to BlockingLoadBalancerClient instead. In order to use it, set the value of `spring.cloud.loadbalancer.ribbon.enabled` to `false` or remove spring-cloud-starter-netflix-ribbon from your project.
2020-06-28 13:47:25.134  INFO 14324 --- [restartedMain] o.s.c.n.eureka.InstanceInfoFactory       : Setting initial instance status as: STARTING
2020-06-28 13:47:25.160  INFO 14324 --- [restartedMain] com.netflix.discovery.DiscoveryClient    : Initializing Eureka in region us-east-1
2020-06-28 13:47:25.244  INFO 14324 --- [restartedMain] c.n.d.provider.DiscoveryJerseyProvider   : Using JSON encoding codec LegacyJacksonJson
2020-06-28 13:47:25.245  INFO 14324 --- [restartedMain] c.n.d.provider.DiscoveryJerseyProvider   : Using JSON decoding codec LegacyJacksonJson
2020-06-28 13:47:25.318  INFO 14324 --- [restartedMain] c.n.d.provider.DiscoveryJerseyProvider   : Using XML encoding codec XStreamXml
2020-06-28 13:47:25.318  INFO 14324 --- [restartedMain] c.n.d.provider.DiscoveryJerseyProvider   : Using XML decoding codec XStreamXml
2020-06-28 13:47:25.394  INFO 14324 --- [restartedMain] c.n.d.s.r.aws.ConfigClusterResolver      : Resolving eureka endpoints via configuration
2020-06-28 13:47:25.569  INFO 14324 --- [restartedMain] com.netflix.discovery.DiscoveryClient    : Disable delta property : false
2020-06-28 13:47:25.569  INFO 14324 --- [restartedMain] com.netflix.discovery.DiscoveryClient    : Single vip registry refresh property : null
2020-06-28 13:47:25.569  INFO 14324 --- [restartedMain] com.netflix.discovery.DiscoveryClient    : Force full registry fetch : false
2020-06-28 13:47:25.570  INFO 14324 --- [restartedMain] com.netflix.discovery.DiscoveryClient    : Application is null : false
2020-06-28 13:47:25.570  INFO 14324 --- [restartedMain] com.netflix.discovery.DiscoveryClient    : Registered Applications size is zero : true
2020-06-28 13:47:25.570  INFO 14324 --- [restartedMain] com.netflix.discovery.DiscoveryClient    : Application version is -1: true
2020-06-28 13:47:25.570  INFO 14324 --- [restartedMain] com.netflix.discovery.DiscoveryClient    : Getting all instance registry info from the eureka server
2020-06-28 13:47:25.651  INFO 14324 --- [restartedMain] com.netflix.discovery.DiscoveryClient    : The response status is 200
2020-06-28 13:47:25.653  INFO 14324 --- [restartedMain] com.netflix.discovery.DiscoveryClient    : Starting heartbeat executor: renew interval is: 30
2020-06-28 13:47:25.654  INFO 14324 --- [restartedMain] c.n.discovery.InstanceInfoReplicator     : InstanceInfoReplicator onDemand update allowed rate per min is 4
2020-06-28 13:47:25.657  INFO 14324 --- [restartedMain] com.netflix.discovery.DiscoveryClient    : Discovery Client initialized at timestamp 1593323245656 with initial instances count: 3
2020-06-28 13:47:25.658  INFO 14324 --- [restartedMain] o.s.c.n.e.s.EurekaServiceRegistry        : Registering application BLOG-TYPE-MANAGE-SERVICE-PROVIDER with eureka with status UP
2020-06-28 13:47:25.658  INFO 14324 --- [restartedMain] com.netflix.discovery.DiscoveryClient    : Saw local status change event StatusChangeEvent [timestamp=1593323245658, current=UP, previous=STARTING]
2020-06-28 13:47:25.660  INFO 14324 --- [restartedMain] d.s.w.p.DocumentationPluginsBootstrapper : Context refreshed
2020-06-28 13:47:25.660  INFO 14324 --- [DiscoveryClient-InstanceInfoReplicator-0] com.netflix.discovery.DiscoveryClient    : DiscoveryClient_BLOG-TYPE-MANAGE-SERVICE-PROVIDER/192.168.179.1:8011: registering service...
2020-06-28 13:47:25.670  INFO 14324 --- [restartedMain] d.s.w.p.DocumentationPluginsBootstrapper : Found 1 custom documentation plugin(s)
2020-06-28 13:47:25.679  INFO 14324 --- [DiscoveryClient-InstanceInfoReplicator-0] com.netflix.discovery.DiscoveryClient    : DiscoveryClient_BLOG-TYPE-MANAGE-SERVICE-PROVIDER/192.168.179.1:8011 - registration status: 204
2020-06-28 13:47:25.700  INFO 14324 --- [restartedMain] s.d.s.w.s.ApiListingReferenceScanner     : Scanning for api listing references
2020-06-28 13:47:25.840  INFO 14324 --- [restartedMain] o.a.c.c.C.[Tomcat].[localhost].[/]       : Initializing Spring DispatcherServlet 'dispatcherServlet'
2020-06-28 13:47:25.841  INFO 14324 --- [restartedMain] o.s.web.servlet.DispatcherServlet        : Initializing Servlet 'dispatcherServlet'
2020-06-28 13:47:25.845  INFO 14324 --- [restartedMain] o.s.web.servlet.DispatcherServlet        : Completed initialization in 4 ms
2020-06-28 13:47:25.848  INFO 14324 --- [restartedMain] o.s.b.w.embedded.tomcat.TomcatWebServer  : Tomcat started on port(s): 8011 (http) with context path ''
2020-06-28 13:47:25.849  INFO 14324 --- [restartedMain] .s.c.n.e.s.EurekaAutoServiceRegistration : Updating port to 8011
2020-06-28 13:47:27.097  INFO 14324 --- [restartedMain] o.s.cloud.commons.util.InetUtils         : Cannot determine local hostname
2020-06-28 13:47:27.099  INFO 14324 --- [restartedMain] .b.BlogTypeManageProvider8011Application : Started BlogTypeManageProvider8011Application in 11.385 seconds (JVM running for 12.12)
2020-06-28 13:47:40.487  INFO 14324 --- [http-nio-8011-exec-1] com.zaxxer.hikari.HikariDataSource       : HikariPool-1 - Starting...
2020-06-28 13:47:40.608  INFO 14324 --- [http-nio-8011-exec-1] com.zaxxer.hikari.HikariDataSource       : HikariPool-1 - Start completed.
2020-06-28 13:50:38.239  INFO 7272 --- [restartedMain] .b.BlogTypeManageProvider8011Application : No active profile set, falling back to default profiles: default
2020-06-28 13:50:38.861  INFO 7272 --- [restartedMain] o.s.cloud.context.scope.GenericScope     : BeanFactory id=71c56bd6-4fbb-33ef-bcd4-f5082f3f0d65
2020-06-28 13:50:38.929  INFO 7272 --- [restartedMain] trationDelegate$BeanPostProcessorChecker : Bean 'org.springframework.transaction.annotation.ProxyTransactionManagementConfiguration' of type [org.springframework.transaction.annotation.ProxyTransactionManagementConfiguration] is not eligible for getting processed by all BeanPostProcessors (for example: not eligible for auto-proxying)
2020-06-28 13:50:39.214  INFO 7272 --- [restartedMain] o.s.b.w.embedded.tomcat.TomcatWebServer  : Tomcat initialized with port(s): 8011 (http)
2020-06-28 13:50:39.220  INFO 7272 --- [restartedMain] o.apache.catalina.core.StandardService   : Starting service [Tomcat]
2020-06-28 13:50:39.220  INFO 7272 --- [restartedMain] org.apache.catalina.core.StandardEngine  : Starting Servlet engine: [Apache Tomcat/9.0.29]
2020-06-28 13:50:39.290  INFO 7272 --- [restartedMain] o.a.c.c.C.[Tomcat].[localhost].[/]       : Initializing Spring embedded WebApplicationContext
2020-06-28 13:50:39.291  INFO 7272 --- [restartedMain] o.s.web.context.ContextLoader            : Root WebApplicationContext: initialization completed in 1041 ms
2020-06-28 13:50:39.997  INFO 7272 --- [restartedMain] pertySourcedRequestMappingHandlerMapping : Mapped URL path [/v2/api-docs] onto method [springfox.documentation.swagger2.web.Swagger2Controller#getDocumentation(String, HttpServletRequest)]
2020-06-28 13:50:40.003  WARN 7272 --- [restartedMain] c.n.c.sources.URLConfigurationSource     : No URLs will be polled as dynamic configuration sources.
2020-06-28 13:50:40.003  INFO 7272 --- [restartedMain] c.n.c.sources.URLConfigurationSource     : To enable URLs as dynamic configuration sources, define System property archaius.configurationSource.additionalUrls or make config.properties available on classpath.
2020-06-28 13:50:40.005  WARN 7272 --- [restartedMain] c.n.c.sources.URLConfigurationSource     : No URLs will be polled as dynamic configuration sources.
2020-06-28 13:50:40.005  INFO 7272 --- [restartedMain] c.n.c.sources.URLConfigurationSource     : To enable URLs as dynamic configuration sources, define System property archaius.configurationSource.additionalUrls or make config.properties available on classpath.
2020-06-28 13:50:40.073  INFO 7272 --- [restartedMain] o.s.s.concurrent.ThreadPoolTaskExecutor  : Initializing ExecutorService 'applicationTaskExecutor'
2020-06-28 13:50:40.102  WARN 7272 --- [restartedMain] o.s.b.d.a.OptionalLiveReloadServer       : Unable to start LiveReload server
2020-06-28 13:50:41.509  INFO 7272 --- [restartedMain] o.s.cloud.commons.util.InetUtils         : Cannot determine local hostname
2020-06-28 13:50:42.755  INFO 7272 --- [restartedMain] o.s.cloud.commons.util.InetUtils         : Cannot determine local hostname
2020-06-28 13:50:44.000  INFO 7272 --- [restartedMain] o.s.cloud.commons.util.InetUtils         : Cannot determine local hostname
2020-06-28 13:50:44.017  WARN 7272 --- [restartedMain] ockingLoadBalancerClientRibbonWarnLogger : You already have RibbonLoadBalancerClient on your classpath. It will be used by default. As Spring Cloud Ribbon is in maintenance mode. We recommend switching to BlockingLoadBalancerClient instead. In order to use it, set the value of `spring.cloud.loadbalancer.ribbon.enabled` to `false` or remove spring-cloud-starter-netflix-ribbon from your project.
2020-06-28 13:50:44.088  INFO 7272 --- [restartedMain] o.s.c.n.eureka.InstanceInfoFactory       : Setting initial instance status as: STARTING
2020-06-28 13:50:44.106  INFO 7272 --- [restartedMain] com.netflix.discovery.DiscoveryClient    : Initializing Eureka in region us-east-1
2020-06-28 13:50:44.187  INFO 7272 --- [restartedMain] c.n.d.provider.DiscoveryJerseyProvider   : Using JSON encoding codec LegacyJacksonJson
2020-06-28 13:50:44.188  INFO 7272 --- [restartedMain] c.n.d.provider.DiscoveryJerseyProvider   : Using JSON decoding codec LegacyJacksonJson
2020-06-28 13:50:44.267  INFO 7272 --- [restartedMain] c.n.d.provider.DiscoveryJerseyProvider   : Using XML encoding codec XStreamXml
2020-06-28 13:50:44.267  INFO 7272 --- [restartedMain] c.n.d.provider.DiscoveryJerseyProvider   : Using XML decoding codec XStreamXml
2020-06-28 13:50:44.350  INFO 7272 --- [restartedMain] c.n.d.s.r.aws.ConfigClusterResolver      : Resolving eureka endpoints via configuration
2020-06-28 13:50:44.533  INFO 7272 --- [restartedMain] com.netflix.discovery.DiscoveryClient    : Disable delta property : false
2020-06-28 13:50:44.533  INFO 7272 --- [restartedMain] com.netflix.discovery.DiscoveryClient    : Single vip registry refresh property : null
2020-06-28 13:50:44.533  INFO 7272 --- [restartedMain] com.netflix.discovery.DiscoveryClient    : Force full registry fetch : false
2020-06-28 13:50:44.534  INFO 7272 --- [restartedMain] com.netflix.discovery.DiscoveryClient    : Application is null : false
2020-06-28 13:50:44.534  INFO 7272 --- [restartedMain] com.netflix.discovery.DiscoveryClient    : Registered Applications size is zero : true
2020-06-28 13:50:44.534  INFO 7272 --- [restartedMain] com.netflix.discovery.DiscoveryClient    : Application version is -1: true
2020-06-28 13:50:44.534  INFO 7272 --- [restartedMain] com.netflix.discovery.DiscoveryClient    : Getting all instance registry info from the eureka server
2020-06-28 13:50:44.622  INFO 7272 --- [restartedMain] com.netflix.discovery.DiscoveryClient    : The response status is 200
2020-06-28 13:50:44.624  INFO 7272 --- [restartedMain] com.netflix.discovery.DiscoveryClient    : Starting heartbeat executor: renew interval is: 30
2020-06-28 13:50:44.625  INFO 7272 --- [restartedMain] c.n.discovery.InstanceInfoReplicator     : InstanceInfoReplicator onDemand update allowed rate per min is 4
2020-06-28 13:50:44.628  INFO 7272 --- [restartedMain] com.netflix.discovery.DiscoveryClient    : Discovery Client initialized at timestamp 1593323444627 with initial instances count: 3
2020-06-28 13:50:44.629  INFO 7272 --- [restartedMain] o.s.c.n.e.s.EurekaServiceRegistry        : Registering application BLOG-TYPE-MANAGE-SERVICE-PROVIDER with eureka with status UP
2020-06-28 13:50:44.629  INFO 7272 --- [restartedMain] com.netflix.discovery.DiscoveryClient    : Saw local status change event StatusChangeEvent [timestamp=1593323444629, current=UP, previous=STARTING]
2020-06-28 13:50:44.631  INFO 7272 --- [DiscoveryClient-InstanceInfoReplicator-0] com.netflix.discovery.DiscoveryClient    : DiscoveryClient_BLOG-TYPE-MANAGE-SERVICE-PROVIDER/192.168.179.1:8011: registering service...
2020-06-28 13:50:44.631  INFO 7272 --- [restartedMain] d.s.w.p.DocumentationPluginsBootstrapper : Context refreshed
2020-06-28 13:50:44.642  INFO 7272 --- [restartedMain] d.s.w.p.DocumentationPluginsBootstrapper : Found 1 custom documentation plugin(s)
2020-06-28 13:50:44.651  INFO 7272 --- [DiscoveryClient-InstanceInfoReplicator-0] com.netflix.discovery.DiscoveryClient    : DiscoveryClient_BLOG-TYPE-MANAGE-SERVICE-PROVIDER/192.168.179.1:8011 - registration status: 204
2020-06-28 13:50:44.668  INFO 7272 --- [restartedMain] s.d.s.w.s.ApiListingReferenceScanner     : Scanning for api listing references
2020-06-28 13:50:44.787  INFO 7272 --- [restartedMain] o.a.c.c.C.[Tomcat].[localhost].[/]       : Initializing Spring DispatcherServlet 'dispatcherServlet'
2020-06-28 13:50:44.787  INFO 7272 --- [restartedMain] o.s.web.servlet.DispatcherServlet        : Initializing Servlet 'dispatcherServlet'
2020-06-28 13:50:44.793  INFO 7272 --- [restartedMain] o.s.web.servlet.DispatcherServlet        : Completed initialization in 6 ms
2020-06-28 13:50:44.793  INFO 7272 --- [restartedMain] o.s.b.w.embedded.tomcat.TomcatWebServer  : Tomcat started on port(s): 8011 (http) with context path ''
2020-06-28 13:50:44.794  INFO 7272 --- [restartedMain] .s.c.n.e.s.EurekaAutoServiceRegistration : Updating port to 8011
2020-06-28 13:50:45.170  INFO 7272 --- [http-nio-8011-exec-2] com.zaxxer.hikari.HikariDataSource       : HikariPool-1 - Starting...
2020-06-28 13:50:45.299  INFO 7272 --- [http-nio-8011-exec-2] com.zaxxer.hikari.HikariDataSource       : HikariPool-1 - Start completed.
2020-06-28 13:50:46.136  INFO 7272 --- [restartedMain] o.s.cloud.commons.util.InetUtils         : Cannot determine local hostname
2020-06-28 13:50:46.137  INFO 7272 --- [restartedMain] .b.BlogTypeManageProvider8011Application : Started BlogTypeManageProvider8011Application in 11.022 seconds (JVM running for 11.776)
2020-06-28 13:51:39.355  INFO 10968 --- [restartedMain] .b.BlogTypeManageProvider8011Application : No active profile set, falling back to default profiles: default
2020-06-28 13:51:39.993  INFO 10968 --- [restartedMain] o.s.cloud.context.scope.GenericScope     : BeanFactory id=71c56bd6-4fbb-33ef-bcd4-f5082f3f0d65
2020-06-28 13:51:40.070  INFO 10968 --- [restartedMain] trationDelegate$BeanPostProcessorChecker : Bean 'org.springframework.transaction.annotation.ProxyTransactionManagementConfiguration' of type [org.springframework.transaction.annotation.ProxyTransactionManagementConfiguration] is not eligible for getting processed by all BeanPostProcessors (for example: not eligible for auto-proxying)
2020-06-28 13:51:40.363  INFO 10968 --- [restartedMain] o.s.b.w.embedded.tomcat.TomcatWebServer  : Tomcat initialized with port(s): 8011 (http)
2020-06-28 13:51:40.369  INFO 10968 --- [restartedMain] o.apache.catalina.core.StandardService   : Starting service [Tomcat]
2020-06-28 13:51:40.369  INFO 10968 --- [restartedMain] org.apache.catalina.core.StandardEngine  : Starting Servlet engine: [Apache Tomcat/9.0.29]
2020-06-28 13:51:40.437  INFO 10968 --- [restartedMain] o.a.c.c.C.[Tomcat].[localhost].[/]       : Initializing Spring embedded WebApplicationContext
2020-06-28 13:51:40.437  INFO 10968 --- [restartedMain] o.s.web.context.ContextLoader            : Root WebApplicationContext: initialization completed in 1072 ms
2020-06-28 13:51:41.198  INFO 10968 --- [restartedMain] pertySourcedRequestMappingHandlerMapping : Mapped URL path [/v2/api-docs] onto method [springfox.documentation.swagger2.web.Swagger2Controller#getDocumentation(String, HttpServletRequest)]
2020-06-28 13:51:41.205  WARN 10968 --- [restartedMain] c.n.c.sources.URLConfigurationSource     : No URLs will be polled as dynamic configuration sources.
2020-06-28 13:51:41.205  INFO 10968 --- [restartedMain] c.n.c.sources.URLConfigurationSource     : To enable URLs as dynamic configuration sources, define System property archaius.configurationSource.additionalUrls or make config.properties available on classpath.
2020-06-28 13:51:41.207  WARN 10968 --- [restartedMain] c.n.c.sources.URLConfigurationSource     : No URLs will be polled as dynamic configuration sources.
2020-06-28 13:51:41.208  INFO 10968 --- [restartedMain] c.n.c.sources.URLConfigurationSource     : To enable URLs as dynamic configuration sources, define System property archaius.configurationSource.additionalUrls or make config.properties available on classpath.
2020-06-28 13:51:41.272  INFO 10968 --- [restartedMain] o.s.s.concurrent.ThreadPoolTaskExecutor  : Initializing ExecutorService 'applicationTaskExecutor'
2020-06-28 13:51:41.301  WARN 10968 --- [restartedMain] o.s.b.d.a.OptionalLiveReloadServer       : Unable to start LiveReload server
2020-06-28 13:51:42.763  INFO 10968 --- [restartedMain] o.s.cloud.commons.util.InetUtils         : Cannot determine local hostname
2020-06-28 13:51:44.303  INFO 10968 --- [restartedMain] o.s.cloud.commons.util.InetUtils         : Cannot determine local hostname
2020-06-28 13:51:45.698  INFO 10968 --- [restartedMain] o.s.cloud.commons.util.InetUtils         : Cannot determine local hostname
2020-06-28 13:51:45.712  WARN 10968 --- [restartedMain] ockingLoadBalancerClientRibbonWarnLogger : You already have RibbonLoadBalancerClient on your classpath. It will be used by default. As Spring Cloud Ribbon is in maintenance mode. We recommend switching to BlockingLoadBalancerClient instead. In order to use it, set the value of `spring.cloud.loadbalancer.ribbon.enabled` to `false` or remove spring-cloud-starter-netflix-ribbon from your project.
2020-06-28 13:51:45.775  INFO 10968 --- [restartedMain] o.s.c.n.eureka.InstanceInfoFactory       : Setting initial instance status as: STARTING
2020-06-28 13:51:45.792  INFO 10968 --- [restartedMain] com.netflix.discovery.DiscoveryClient    : Initializing Eureka in region us-east-1
2020-06-28 13:51:45.867  INFO 10968 --- [restartedMain] c.n.d.provider.DiscoveryJerseyProvider   : Using JSON encoding codec LegacyJacksonJson
2020-06-28 13:51:45.867  INFO 10968 --- [restartedMain] c.n.d.provider.DiscoveryJerseyProvider   : Using JSON decoding codec LegacyJacksonJson
2020-06-28 13:51:45.935  INFO 10968 --- [restartedMain] c.n.d.provider.DiscoveryJerseyProvider   : Using XML encoding codec XStreamXml
2020-06-28 13:51:45.936  INFO 10968 --- [restartedMain] c.n.d.provider.DiscoveryJerseyProvider   : Using XML decoding codec XStreamXml
2020-06-28 13:51:46.029  INFO 10968 --- [restartedMain] c.n.d.s.r.aws.ConfigClusterResolver      : Resolving eureka endpoints via configuration
2020-06-28 13:51:46.281  INFO 10968 --- [restartedMain] com.netflix.discovery.DiscoveryClient    : Disable delta property : false
2020-06-28 13:51:46.281  INFO 10968 --- [restartedMain] com.netflix.discovery.DiscoveryClient    : Single vip registry refresh property : null
2020-06-28 13:51:46.281  INFO 10968 --- [restartedMain] com.netflix.discovery.DiscoveryClient    : Force full registry fetch : false
2020-06-28 13:51:46.281  INFO 10968 --- [restartedMain] com.netflix.discovery.DiscoveryClient    : Application is null : false
2020-06-28 13:51:46.281  INFO 10968 --- [restartedMain] com.netflix.discovery.DiscoveryClient    : Registered Applications size is zero : true
2020-06-28 13:51:46.281  INFO 10968 --- [restartedMain] com.netflix.discovery.DiscoveryClient    : Application version is -1: true
2020-06-28 13:51:46.282  INFO 10968 --- [restartedMain] com.netflix.discovery.DiscoveryClient    : Getting all instance registry info from the eureka server
2020-06-28 13:51:46.404  INFO 10968 --- [restartedMain] com.netflix.discovery.DiscoveryClient    : The response status is 200
2020-06-28 13:51:46.406  INFO 10968 --- [restartedMain] com.netflix.discovery.DiscoveryClient    : Starting heartbeat executor: renew interval is: 30
2020-06-28 13:51:46.408  INFO 10968 --- [restartedMain] c.n.discovery.InstanceInfoReplicator     : InstanceInfoReplicator onDemand update allowed rate per min is 4
2020-06-28 13:51:46.412  INFO 10968 --- [restartedMain] com.netflix.discovery.DiscoveryClient    : Discovery Client initialized at timestamp 1593323506411 with initial instances count: 3
2020-06-28 13:51:46.415  INFO 10968 --- [restartedMain] o.s.c.n.e.s.EurekaServiceRegistry        : Registering application BLOG-TYPE-MANAGE-SERVICE-PROVIDER with eureka with status UP
2020-06-28 13:51:46.415  INFO 10968 --- [restartedMain] com.netflix.discovery.DiscoveryClient    : Saw local status change event StatusChangeEvent [timestamp=1593323506415, current=UP, previous=STARTING]
2020-06-28 13:51:46.417  INFO 10968 --- [DiscoveryClient-InstanceInfoReplicator-0] com.netflix.discovery.DiscoveryClient    : DiscoveryClient_BLOG-TYPE-MANAGE-SERVICE-PROVIDER/192.168.179.1:8011: registering service...
2020-06-28 13:51:46.418  INFO 10968 --- [restartedMain] d.s.w.p.DocumentationPluginsBootstrapper : Context refreshed
2020-06-28 13:51:46.432  INFO 10968 --- [restartedMain] d.s.w.p.DocumentationPluginsBootstrapper : Found 1 custom documentation plugin(s)
2020-06-28 13:51:46.444  INFO 10968 --- [DiscoveryClient-InstanceInfoReplicator-0] com.netflix.discovery.DiscoveryClient    : DiscoveryClient_BLOG-TYPE-MANAGE-SERVICE-PROVIDER/192.168.179.1:8011 - registration status: 204
2020-06-28 13:51:46.475  INFO 10968 --- [restartedMain] s.d.s.w.s.ApiListingReferenceScanner     : Scanning for api listing references
2020-06-28 13:51:46.647  INFO 10968 --- [restartedMain] o.a.c.c.C.[Tomcat].[localhost].[/]       : Initializing Spring DispatcherServlet 'dispatcherServlet'
2020-06-28 13:51:46.647  INFO 10968 --- [restartedMain] o.s.web.servlet.DispatcherServlet        : Initializing Servlet 'dispatcherServlet'
2020-06-28 13:51:46.652  INFO 10968 --- [restartedMain] o.s.web.servlet.DispatcherServlet        : Completed initialization in 4 ms
2020-06-28 13:51:46.653  INFO 10968 --- [restartedMain] o.s.b.w.embedded.tomcat.TomcatWebServer  : Tomcat started on port(s): 8011 (http) with context path ''
2020-06-28 13:51:46.653  INFO 10968 --- [restartedMain] .s.c.n.e.s.EurekaAutoServiceRegistration : Updating port to 8011
2020-06-28 13:51:47.979  INFO 10968 --- [restartedMain] o.s.cloud.commons.util.InetUtils         : Cannot determine local hostname
2020-06-28 13:51:47.981  INFO 10968 --- [restartedMain] .b.BlogTypeManageProvider8011Application : Started BlogTypeManageProvider8011Application in 11.932 seconds (JVM running for 12.735)
2020-06-28 13:52:01.221  INFO 10968 --- [http-nio-8011-exec-1] com.zaxxer.hikari.HikariDataSource       : HikariPool-1 - Starting...
2020-06-28 13:52:01.352  INFO 10968 --- [http-nio-8011-exec-1] com.zaxxer.hikari.HikariDataSource       : HikariPool-1 - Start completed.
2020-06-28 13:53:37.235  INFO 14016 --- [restartedMain] .b.BlogTypeManageProvider8011Application : No active profile set, falling back to default profiles: default
2020-06-28 13:53:37.913  INFO 14016 --- [restartedMain] o.s.cloud.context.scope.GenericScope     : BeanFactory id=71c56bd6-4fbb-33ef-bcd4-f5082f3f0d65
2020-06-28 13:53:38.004  INFO 14016 --- [restartedMain] trationDelegate$BeanPostProcessorChecker : Bean 'org.springframework.transaction.annotation.ProxyTransactionManagementConfiguration' of type [org.springframework.transaction.annotation.ProxyTransactionManagementConfiguration] is not eligible for getting processed by all BeanPostProcessors (for example: not eligible for auto-proxying)
2020-06-28 13:53:38.307  INFO 14016 --- [restartedMain] o.s.b.w.embedded.tomcat.TomcatWebServer  : Tomcat initialized with port(s): 8011 (http)
2020-06-28 13:53:38.313  INFO 14016 --- [restartedMain] o.apache.catalina.core.StandardService   : Starting service [Tomcat]
2020-06-28 13:53:38.313  INFO 14016 --- [restartedMain] org.apache.catalina.core.StandardEngine  : Starting Servlet engine: [Apache Tomcat/9.0.29]
2020-06-28 13:53:38.396  INFO 14016 --- [restartedMain] o.a.c.c.C.[Tomcat].[localhost].[/]       : Initializing Spring embedded WebApplicationContext
2020-06-28 13:53:38.396  INFO 14016 --- [restartedMain] o.s.web.context.ContextLoader            : Root WebApplicationContext: initialization completed in 1151 ms
2020-06-28 13:53:39.107  INFO 14016 --- [restartedMain] pertySourcedRequestMappingHandlerMapping : Mapped URL path [/v2/api-docs] onto method [springfox.documentation.swagger2.web.Swagger2Controller#getDocumentation(String, HttpServletRequest)]
2020-06-28 13:53:39.114  WARN 14016 --- [restartedMain] c.n.c.sources.URLConfigurationSource     : No URLs will be polled as dynamic configuration sources.
2020-06-28 13:53:39.115  INFO 14016 --- [restartedMain] c.n.c.sources.URLConfigurationSource     : To enable URLs as dynamic configuration sources, define System property archaius.configurationSource.additionalUrls or make config.properties available on classpath.
2020-06-28 13:53:39.117  WARN 14016 --- [restartedMain] c.n.c.sources.URLConfigurationSource     : No URLs will be polled as dynamic configuration sources.
2020-06-28 13:53:39.117  INFO 14016 --- [restartedMain] c.n.c.sources.URLConfigurationSource     : To enable URLs as dynamic configuration sources, define System property archaius.configurationSource.additionalUrls or make config.properties available on classpath.
2020-06-28 13:53:39.190  INFO 14016 --- [restartedMain] o.s.s.concurrent.ThreadPoolTaskExecutor  : Initializing ExecutorService 'applicationTaskExecutor'
2020-06-28 13:53:39.222  WARN 14016 --- [restartedMain] o.s.b.d.a.OptionalLiveReloadServer       : Unable to start LiveReload server
2020-06-28 13:53:40.672  INFO 14016 --- [restartedMain] o.s.cloud.commons.util.InetUtils         : Cannot determine local hostname
2020-06-28 13:53:41.921  INFO 14016 --- [restartedMain] o.s.cloud.commons.util.InetUtils         : Cannot determine local hostname
2020-06-28 13:53:43.170  INFO 14016 --- [restartedMain] o.s.cloud.commons.util.InetUtils         : Cannot determine local hostname
2020-06-28 13:53:43.192  WARN 14016 --- [restartedMain] ockingLoadBalancerClientRibbonWarnLogger : You already have RibbonLoadBalancerClient on your classpath. It will be used by default. As Spring Cloud Ribbon is in maintenance mode. We recommend switching to BlockingLoadBalancerClient instead. In order to use it, set the value of `spring.cloud.loadbalancer.ribbon.enabled` to `false` or remove spring-cloud-starter-netflix-ribbon from your project.
2020-06-28 13:53:43.257  INFO 14016 --- [restartedMain] o.s.c.n.eureka.InstanceInfoFactory       : Setting initial instance status as: STARTING
2020-06-28 13:53:43.274  INFO 14016 --- [restartedMain] com.netflix.discovery.DiscoveryClient    : Initializing Eureka in region us-east-1
2020-06-28 13:53:43.345  INFO 14016 --- [restartedMain] c.n.d.provider.DiscoveryJerseyProvider   : Using JSON encoding codec LegacyJacksonJson
2020-06-28 13:53:43.345  INFO 14016 --- [restartedMain] c.n.d.provider.DiscoveryJerseyProvider   : Using JSON decoding codec LegacyJacksonJson
2020-06-28 13:53:43.412  INFO 14016 --- [restartedMain] c.n.d.provider.DiscoveryJerseyProvider   : Using XML encoding codec XStreamXml
2020-06-28 13:53:43.412  INFO 14016 --- [restartedMain] c.n.d.provider.DiscoveryJerseyProvider   : Using XML decoding codec XStreamXml
2020-06-28 13:53:43.489  INFO 14016 --- [restartedMain] c.n.d.s.r.aws.ConfigClusterResolver      : Resolving eureka endpoints via configuration
2020-06-28 13:53:43.661  INFO 14016 --- [restartedMain] com.netflix.discovery.DiscoveryClient    : Disable delta property : false
2020-06-28 13:53:43.662  INFO 14016 --- [restartedMain] com.netflix.discovery.DiscoveryClient    : Single vip registry refresh property : null
2020-06-28 13:53:43.662  INFO 14016 --- [restartedMain] com.netflix.discovery.DiscoveryClient    : Force full registry fetch : false
2020-06-28 13:53:43.662  INFO 14016 --- [restartedMain] com.netflix.discovery.DiscoveryClient    : Application is null : false
2020-06-28 13:53:43.662  INFO 14016 --- [restartedMain] com.netflix.discovery.DiscoveryClient    : Registered Applications size is zero : true
2020-06-28 13:53:43.662  INFO 14016 --- [restartedMain] com.netflix.discovery.DiscoveryClient    : Application version is -1: true
2020-06-28 13:53:43.662  INFO 14016 --- [restartedMain] com.netflix.discovery.DiscoveryClient    : Getting all instance registry info from the eureka server
2020-06-28 13:53:43.738  INFO 14016 --- [restartedMain] com.netflix.discovery.DiscoveryClient    : The response status is 200
2020-06-28 13:53:43.740  INFO 14016 --- [restartedMain] com.netflix.discovery.DiscoveryClient    : Starting heartbeat executor: renew interval is: 30
2020-06-28 13:53:43.741  INFO 14016 --- [restartedMain] c.n.discovery.InstanceInfoReplicator     : InstanceInfoReplicator onDemand update allowed rate per min is 4
2020-06-28 13:53:43.743  INFO 14016 --- [restartedMain] com.netflix.discovery.DiscoveryClient    : Discovery Client initialized at timestamp 1593323623742 with initial instances count: 3
2020-06-28 13:53:43.745  INFO 14016 --- [restartedMain] o.s.c.n.e.s.EurekaServiceRegistry        : Registering application BLOG-TYPE-MANAGE-SERVICE-PROVIDER with eureka with status UP
2020-06-28 13:53:43.745  INFO 14016 --- [restartedMain] com.netflix.discovery.DiscoveryClient    : Saw local status change event StatusChangeEvent [timestamp=1593323623745, current=UP, previous=STARTING]
2020-06-28 13:53:43.746  INFO 14016 --- [restartedMain] d.s.w.p.DocumentationPluginsBootstrapper : Context refreshed
2020-06-28 13:53:43.746  INFO 14016 --- [DiscoveryClient-InstanceInfoReplicator-0] com.netflix.discovery.DiscoveryClient    : DiscoveryClient_BLOG-TYPE-MANAGE-SERVICE-PROVIDER/192.168.179.1:8011: registering service...
2020-06-28 13:53:43.758  INFO 14016 --- [restartedMain] d.s.w.p.DocumentationPluginsBootstrapper : Found 1 custom documentation plugin(s)
2020-06-28 13:53:43.767  INFO 14016 --- [DiscoveryClient-InstanceInfoReplicator-0] com.netflix.discovery.DiscoveryClient    : DiscoveryClient_BLOG-TYPE-MANAGE-SERVICE-PROVIDER/192.168.179.1:8011 - registration status: 204
2020-06-28 13:53:43.789  INFO 14016 --- [restartedMain] s.d.s.w.s.ApiListingReferenceScanner     : Scanning for api listing references
2020-06-28 13:53:43.910  INFO 14016 --- [restartedMain] o.a.c.c.C.[Tomcat].[localhost].[/]       : Initializing Spring DispatcherServlet 'dispatcherServlet'
2020-06-28 13:53:43.910  INFO 14016 --- [restartedMain] o.s.web.servlet.DispatcherServlet        : Initializing Servlet 'dispatcherServlet'
2020-06-28 13:53:43.914  INFO 14016 --- [restartedMain] o.s.web.servlet.DispatcherServlet        : Completed initialization in 4 ms
2020-06-28 13:53:43.915  INFO 14016 --- [restartedMain] o.s.b.w.embedded.tomcat.TomcatWebServer  : Tomcat started on port(s): 8011 (http) with context path ''
2020-06-28 13:53:43.915  INFO 14016 --- [restartedMain] .s.c.n.e.s.EurekaAutoServiceRegistration : Updating port to 8011
2020-06-28 13:53:45.213  INFO 14016 --- [restartedMain] o.s.cloud.commons.util.InetUtils         : Cannot determine local hostname
2020-06-28 13:53:45.214  INFO 14016 --- [restartedMain] .b.BlogTypeManageProvider8011Application : Started BlogTypeManageProvider8011Application in 11.272 seconds (JVM running for 12.074)
2020-06-28 13:53:50.258  INFO 14016 --- [http-nio-8011-exec-2] com.zaxxer.hikari.HikariDataSource       : HikariPool-1 - Starting...
2020-06-28 13:53:50.382  INFO 14016 --- [http-nio-8011-exec-2] com.zaxxer.hikari.HikariDataSource       : HikariPool-1 - Start completed.
