2020-06-28 20:36:12.408  INFO 6256 --- [main] o.s.picturemanage.AutoCodeGenerator      : No active profile set, falling back to default profiles: default
2020-06-28 20:36:13.249  WARN 6256 --- [main] o.m.s.mapper.ClassPathMapperScanner      : No MyBatis mapper was found in '[org.shuize.picturemanage]' package. Please check your configuration.
2020-06-28 20:36:13.340  INFO 6256 --- [main] o.s.cloud.context.scope.GenericScope     : BeanFactory id=0fa8645a-012d-3086-aaa9-8ab0ede8faa9
2020-06-28 20:36:13.583  INFO 6256 --- [main] trationDelegate$BeanPostProcessorChecker : Bean 'org.springframework.transaction.annotation.ProxyTransactionManagementConfiguration' of type [org.springframework.transaction.annotation.ProxyTransactionManagementConfiguration] is not eligible for getting processed by all BeanPostProcessors (for example: not eligible for auto-proxying)
2020-06-28 20:36:14.650  INFO 6256 --- [main] pertySourcedRequestMappingHandlerMapping : Mapped URL path [/v2/api-docs] onto method [springfox.documentation.swagger2.web.Swagger2Controller#getDocumentation(String, HttpServletRequest)]
2020-06-28 20:36:15.018  WARN 6256 --- [main] c.n.c.sources.URLConfigurationSource     : No URLs will be polled as dynamic configuration sources.
2020-06-28 20:36:15.018  INFO 6256 --- [main] c.n.c.sources.URLConfigurationSource     : To enable URLs as dynamic configuration sources, define System property archaius.configurationSource.additionalUrls or make config.properties available on classpath.
2020-06-28 20:36:15.060  WARN 6256 --- [main] c.n.c.sources.URLConfigurationSource     : No URLs will be polled as dynamic configuration sources.
2020-06-28 20:36:15.060  INFO 6256 --- [main] c.n.c.sources.URLConfigurationSource     : To enable URLs as dynamic configuration sources, define System property archaius.configurationSource.additionalUrls or make config.properties available on classpath.
2020-06-28 20:36:15.234  INFO 6256 --- [main] o.s.s.concurrent.ThreadPoolTaskExecutor  : Initializing ExecutorService 'applicationTaskExecutor'
2020-06-28 20:36:17.711  INFO 6256 --- [main] o.s.cloud.commons.util.InetUtils         : Cannot determine local hostname
2020-06-28 20:36:19.031  INFO 6256 --- [main] o.s.cloud.commons.util.InetUtils         : Cannot determine local hostname
2020-06-28 20:36:20.352  INFO 6256 --- [main] o.s.cloud.commons.util.InetUtils         : Cannot determine local hostname
2020-06-28 20:36:20.396  WARN 6256 --- [main] ockingLoadBalancerClientRibbonWarnLogger : You already have RibbonLoadBalancerClient on your classpath. It will be used by default. As Spring Cloud Ribbon is in maintenance mode. We recommend switching to BlockingLoadBalancerClient instead. In order to use it, set the value of `spring.cloud.loadbalancer.ribbon.enabled` to `false` or remove spring-cloud-starter-netflix-ribbon from your project.
2020-06-28 20:36:20.522  INFO 6256 --- [main] d.s.w.p.DocumentationPluginsBootstrapper : Context refreshed
2020-06-28 20:36:20.539  INFO 6256 --- [main] d.s.w.p.DocumentationPluginsBootstrapper : Found 1 custom documentation plugin(s)
2020-06-28 20:36:20.597  INFO 6256 --- [main] s.d.s.w.s.ApiListingReferenceScanner     : Scanning for api listing references
2020-06-28 20:36:20.829  INFO 6256 --- [main] o.s.picturemanage.AutoCodeGenerator      : Started AutoCodeGenerator in 12.337 seconds (JVM running for 13.833)
2020-06-28 20:36:22.411  INFO 6256 --- [SpringContextShutdownHook] o.s.c.n.eureka.InstanceInfoFactory       : Setting initial instance status as: STARTING
2020-06-28 20:36:22.414  INFO 6256 --- [SpringContextShutdownHook] o.s.c.n.e.s.EurekaServiceRegistry        : Unregistering application BLOG-PICTURE-MANAGE-SERVICE-PROVIDER with eureka with status DOWN
2020-06-28 20:36:22.417  INFO 6256 --- [SpringContextShutdownHook] o.s.s.concurrent.ThreadPoolTaskExecutor  : Shutting down ExecutorService 'applicationTaskExecutor'
